<?xml version="1.0" encoding="UTF-8"?>
<testsuite xmlns:xsi="http://www.w3.org/2001/XMLSchema-instance" xsi:noNamespaceSchemaLocation="https://maven.apache.org/surefire/maven-surefire-plugin/xsd/surefire-test-report-3.0.xsd" version="3.0" name="com.nuevaeps.api.controller.MedicamentoControllerTest" time="5.495" tests="3" errors="0" skipped="0" failures="0">
  <properties>
[...]
</properties>
  <testcase name="testObtenerTodosMedicamentos_SinAutenticacion" classname="com.nuevaeps.api.controller.MedicamentoControllerTest" time="0.015">
    <system-out><![CDATA[2026-01-29T07:49:27.953-05:00  INFO 54812 --- [           main] t.c.s.AnnotationConfigContextLoaderUtils : Could not detect default configuration classes for test class [com.nuevaeps.api.controller.MedicamentoControllerTest]: MedicamentoControllerTest does not declare any static, non-private, non-final, nested classes annotated with @Configuration.
2026-01-29T07:49:27.956-05:00  INFO 54812 --- [           main] .b.t.c.SpringBootTestContextBootstrapper : Found @SpringBootConfiguration com.nuevaeps.api.NuevaepsApiApplication for test class com.nuevaeps.api.controller.MedicamentoControllerTest

  .   ____          _            __ _ _
 /\\ / ___'_ __ _ _(_)_ __  __ _ \ \ \ \
( ( )\___ | '_ | '_| | '_ \/ _` | \ \ \ \
 \\/  ___)| |_)| | | | | || (_| |  ) ) ) )
  '  |____| .__|_| |_|_| |_\__, | / / / /
 =========|_|==============|___/=/_/_/_/
 :: Spring Boot ::                (v3.2.1)

2026-01-29T07:49:27.984-05:00  INFO 54812 --- [           main] c.n.a.c.MedicamentoControllerTest        : Starting MedicamentoControllerTest using Java 25.0.1 with PID 54812 (started by jeoga in C:\Users\jeoga\Documents\NuevaEPS\nuevaeps-backend)
2026-01-29T07:49:27.984-05:00  INFO 54812 --- [           main] c.n.a.c.MedicamentoControllerTest        : No active profile set, falling back to 1 default profile: "default"
2026-01-29T07:49:28.215-05:00  INFO 54812 --- [           main] .s.d.r.c.RepositoryConfigurationDelegate : Bootstrapping Spring Data JPA repositories in DEFAULT mode.
2026-01-29T07:49:28.223-05:00  INFO 54812 --- [           main] .s.d.r.c.RepositoryConfigurationDelegate : Finished Spring Data repository scanning in 6 ms. Found 3 JPA repository interfaces.
2026-01-29T07:49:28.328-05:00  INFO 54812 --- [           main] o.hibernate.jpa.internal.util.LogHelper  : HHH000204: Processing PersistenceUnitInfo [name: default]
2026-01-29T07:49:28.331-05:00  INFO 54812 --- [           main] o.h.c.internal.RegionFactoryInitiator    : HHH000026: Second-level cache disabled
2026-01-29T07:49:28.335-05:00  INFO 54812 --- [           main] o.s.o.j.p.SpringPersistenceUnitInfo      : No LoadTimeWeaver setup: ignoring JPA class transformer
2026-01-29T07:49:28.337-05:00  INFO 54812 --- [           main] com.zaxxer.hikari.HikariDataSource       : HikariPool-5 - Starting...
2026-01-29T07:49:28.339-05:00  INFO 54812 --- [           main] com.zaxxer.hikari.pool.HikariPool        : HikariPool-5 - Added connection conn40: url=jdbc:h2:mem:testdb user=SA
2026-01-29T07:49:28.339-05:00  INFO 54812 --- [           main] com.zaxxer.hikari.HikariDataSource       : HikariPool-5 - Start completed.
2026-01-29T07:49:28.339-05:00  WARN 54812 --- [           main] org.hibernate.orm.deprecation            : HHH90000025: H2Dialect does not need to be specified explicitly using 'hibernate.dialect' (remove the property setting and it will be selected by default)
2026-01-29T07:49:28.386-05:00  INFO 54812 --- [           main] o.h.e.t.j.p.i.JtaPlatformInitiator       : HHH000489: No JTA platform available (set 'hibernate.transaction.jta.platform' to enable JTA platform integration)
2026-01-29T07:49:28.391-05:00  INFO 54812 --- [           main] j.LocalContainerEntityManagerFactoryBean : Initialized JPA EntityManagerFactory for persistence unit 'default'
2026-01-29T07:49:28.570-05:00  WARN 54812 --- [           main] JpaBaseConfiguration$JpaWebConfiguration : spring.jpa.open-in-view is enabled by default. Therefore, database queries may be performed during view rendering. Explicitly configure spring.jpa.open-in-view to disable this warning
2026-01-29T07:49:29.124-05:00  INFO 54812 --- [           main] o.s.b.a.e.web.EndpointLinksResolver      : Exposing 1 endpoint(s) beneath base path '/actuator'
2026-01-29T07:49:29.177-05:00  INFO 54812 --- [           main] o.s.s.web.DefaultSecurityFilterChain     : Will secure any request with [org.springframework.security.web.session.DisableEncodeUrlFilter@413728ef, org.springframework.security.web.context.request.async.WebAsyncManagerIntegrationFilter@44b73b61, org.springframework.security.web.context.SecurityContextHolderFilter@b0ce32d, org.springframework.security.web.header.HeaderWriterFilter@54c542df, org.springframework.web.filter.CorsFilter@6d1793b1, org.springframework.security.web.authentication.logout.LogoutFilter@68b7f88b, com.nuevaeps.api.security.AuthTokenFilter@146e29e9, org.springframework.security.web.savedrequest.RequestCacheAwareFilter@55acad46, org.springframework.security.web.servletapi.SecurityContextHolderAwareRequestFilter@381f372d, org.springframework.security.web.authentication.AnonymousAuthenticationFilter@6a2579a3, org.springframework.security.web.session.SessionManagementFilter@26450242, org.springframework.security.web.access.ExceptionTranslationFilter@5698fc85, org.springframework.security.web.access.intercept.AuthorizationFilter@6abc82c7]
2026-01-29T07:49:29.690-05:00  INFO 54812 --- [           main] o.s.b.t.m.w.SpringBootMockServletContext : Initializing Spring TestDispatcherServlet ''
2026-01-29T07:49:29.690-05:00  INFO 54812 --- [           main] o.s.t.web.servlet.TestDispatcherServlet  : Initializing Servlet ''
2026-01-29T07:49:29.691-05:00  INFO 54812 --- [           main] o.s.t.web.servlet.TestDispatcherServlet  : Completed initialization in 1 ms
2026-01-29T07:49:29.707-05:00  INFO 54812 --- [           main] c.n.a.c.MedicamentoControllerTest        : Started MedicamentoControllerTest in 1.746 seconds (process running for 19.058)
2026-01-29T07:49:29.721-05:00  INFO 54812 --- [           main] j.LocalContainerEntityManagerFactoryBean : Closing JPA EntityManagerFactory for persistence unit 'default'
2026-01-29T07:49:29.723-05:00  INFO 54812 --- [           main] com.zaxxer.hikari.HikariDataSource       : HikariPool-5 - Shutdown initiated...
2026-01-29T07:49:29.724-05:00  INFO 54812 --- [           main] com.zaxxer.hikari.HikariDataSource       : HikariPool-5 - Shutdown completed.
]]></system-out>
  </testcase>
  <testcase name="testObtenerMedicamentoPorId_NotFound" classname="com.nuevaeps.api.controller.MedicamentoControllerTest" time="0.081">
    <system-out><![CDATA[
  .   ____          _            __ _ _
 /\\ / ___'_ __ _ _(_)_ __  __ _ \ \ \ \
( ( )\___ | '_ | '_| | '_ \/ _` | \ \ \ \
 \\/  ___)| |_)| | | | | || (_| |  ) ) ) )
  '  |____| .__|_| |_|_| |_\__, | / / / /
 =========|_|==============|___/=/_/_/_/
 :: Spring Boot ::                (v3.2.1)

2026-01-29T07:49:29.744-05:00  INFO 54812 --- [           main] c.n.a.c.MedicamentoControllerTest        : Starting MedicamentoControllerTest using Java 25.0.1 with PID 54812 (started by jeoga in C:\Users\jeoga\Documents\NuevaEPS\nuevaeps-backend)
2026-01-29T07:49:29.745-05:00  INFO 54812 --- [           main] c.n.a.c.MedicamentoControllerTest        : No active profile set, falling back to 1 default profile: "default"
2026-01-29T07:49:30.040-05:00  INFO 54812 --- [           main] .s.d.r.c.RepositoryConfigurationDelegate : Bootstrapping Spring Data JPA repositories in DEFAULT mode.
2026-01-29T07:49:30.062-05:00  INFO 54812 --- [           main] .s.d.r.c.RepositoryConfigurationDelegate : Finished Spring Data repository scanning in 21 ms. Found 3 JPA repository interfaces.
2026-01-29T07:49:30.227-05:00  INFO 54812 --- [           main] o.hibernate.jpa.internal.util.LogHelper  : HHH000204: Processing PersistenceUnitInfo [name: default]
2026-01-29T07:49:30.231-05:00  INFO 54812 --- [           main] o.h.c.internal.RegionFactoryInitiator    : HHH000026: Second-level cache disabled
2026-01-29T07:49:30.238-05:00  INFO 54812 --- [           main] o.s.o.j.p.SpringPersistenceUnitInfo      : No LoadTimeWeaver setup: ignoring JPA class transformer
2026-01-29T07:49:30.239-05:00  INFO 54812 --- [           main] com.zaxxer.hikari.HikariDataSource       : HikariPool-6 - Starting...
2026-01-29T07:49:30.242-05:00  INFO 54812 --- [           main] com.zaxxer.hikari.pool.HikariPool        : HikariPool-6 - Added connection conn50: url=jdbc:h2:mem:testdb user=SA
2026-01-29T07:49:30.242-05:00  INFO 54812 --- [           main] com.zaxxer.hikari.HikariDataSource       : HikariPool-6 - Start completed.
2026-01-29T07:49:30.243-05:00  WARN 54812 --- [           main] org.hibernate.orm.deprecation            : HHH90000025: H2Dialect does not need to be specified explicitly using 'hibernate.dialect' (remove the property setting and it will be selected by default)
2026-01-29T07:49:30.320-05:00  INFO 54812 --- [           main] o.h.e.t.j.p.i.JtaPlatformInitiator       : HHH000489: No JTA platform available (set 'hibernate.transaction.jta.platform' to enable JTA platform integration)
2026-01-29T07:49:30.352-05:00  INFO 54812 --- [           main] j.LocalContainerEntityManagerFactoryBean : Initialized JPA EntityManagerFactory for persistence unit 'default'
2026-01-29T07:49:30.683-05:00  WARN 54812 --- [           main] JpaBaseConfiguration$JpaWebConfiguration : spring.jpa.open-in-view is enabled by default. Therefore, database queries may be performed during view rendering. Explicitly configure spring.jpa.open-in-view to disable this warning
2026-01-29T07:49:31.322-05:00  INFO 54812 --- [           main] o.s.b.a.e.web.EndpointLinksResolver      : Exposing 1 endpoint(s) beneath base path '/actuator'
2026-01-29T07:49:31.380-05:00  INFO 54812 --- [           main] o.s.s.web.DefaultSecurityFilterChain     : Will secure any request with [org.springframework.security.web.session.DisableEncodeUrlFilter@3c72912f, org.springframework.security.web.context.request.async.WebAsyncManagerIntegrationFilter@54904fe2, org.springframework.security.web.context.SecurityContextHolderFilter@63689254, org.springframework.security.web.header.HeaderWriterFilter@4674bc88, org.springframework.web.filter.CorsFilter@21f7abc, org.springframework.security.web.authentication.logout.LogoutFilter@752b6893, com.nuevaeps.api.security.AuthTokenFilter@2d8a6038, org.springframework.security.web.savedrequest.RequestCacheAwareFilter@1459dcbe, org.springframework.security.web.servletapi.SecurityContextHolderAwareRequestFilter@67d1a3af, org.springframework.security.web.authentication.AnonymousAuthenticationFilter@5b232b89, org.springframework.security.web.session.SessionManagementFilter@2c49eefd, org.springframework.security.web.access.ExceptionTranslationFilter@4498e76a, org.springframework.security.web.access.intercept.AuthorizationFilter@e5b24e9]
2026-01-29T07:49:31.828-05:00  INFO 54812 --- [           main] o.s.b.t.m.w.SpringBootMockServletContext : Initializing Spring TestDispatcherServlet ''
2026-01-29T07:49:31.829-05:00  INFO 54812 --- [           main] o.s.t.web.servlet.TestDispatcherServlet  : Initializing Servlet ''
2026-01-29T07:49:31.829-05:00  INFO 54812 --- [           main] o.s.t.web.servlet.TestDispatcherServlet  : Completed initialization in 0 ms
2026-01-29T07:49:31.846-05:00  INFO 54812 --- [           main] c.n.a.c.MedicamentoControllerTest        : Started MedicamentoControllerTest in 2.12 seconds (process running for 21.198)
2026-01-29T07:49:31.922-05:00  INFO 54812 --- [           main] j.LocalContainerEntityManagerFactoryBean : Closing JPA EntityManagerFactory for persistence unit 'default'
2026-01-29T07:49:31.925-05:00  INFO 54812 --- [           main] com.zaxxer.hikari.HikariDataSource       : HikariPool-6 - Shutdown initiated...
2026-01-29T07:49:31.927-05:00  INFO 54812 --- [           main] com.zaxxer.hikari.HikariDataSource       : HikariPool-6 - Shutdown completed.
]]></system-out>
  </testcase>
  <testcase name="testObtenerTodosMedicamentos_Success" classname="com.nuevaeps.api.controller.MedicamentoControllerTest" time="0.059">
    <system-out><![CDATA[
  .   ____          _            __ _ _
 /\\ / ___'_ __ _ _(_)_ __  __ _ \ \ \ \
( ( )\___ | '_ | '_| | '_ \/ _` | \ \ \ \
 \\/  ___)| |_)| | | | | || (_| |  ) ) ) )
  '  |____| .__|_| |_|_| |_\__, | / / / /
 =========|_|==============|___/=/_/_/_/
 :: Spring Boot ::                (v3.2.1)

2026-01-29T07:49:31.958-05:00  INFO 54812 --- [           main] c.n.a.c.MedicamentoControllerTest        : Starting MedicamentoControllerTest using Java 25.0.1 with PID 54812 (started by jeoga in C:\Users\jeoga\Documents\NuevaEPS\nuevaeps-backend)
2026-01-29T07:49:31.958-05:00  INFO 54812 --- [           main] c.n.a.c.MedicamentoControllerTest        : No active profile set, falling back to 1 default profile: "default"
2026-01-29T07:49:32.158-05:00  INFO 54812 --- [           main] .s.d.r.c.RepositoryConfigurationDelegate : Bootstrapping Spring Data JPA repositories in DEFAULT mode.
2026-01-29T07:49:32.169-05:00  INFO 54812 --- [           main] .s.d.r.c.RepositoryConfigurationDelegate : Finished Spring Data repository scanning in 10 ms. Found 3 JPA repository interfaces.
2026-01-29T07:49:32.349-05:00  INFO 54812 --- [           main] o.hibernate.jpa.internal.util.LogHelper  : HHH000204: Processing PersistenceUnitInfo [name: default]
2026-01-29T07:49:32.352-05:00  INFO 54812 --- [           main] o.h.c.internal.RegionFactoryInitiator    : HHH000026: Second-level cache disabled
2026-01-29T07:49:32.356-05:00  INFO 54812 --- [           main] o.s.o.j.p.SpringPersistenceUnitInfo      : No LoadTimeWeaver setup: ignoring JPA class transformer
2026-01-29T07:49:32.358-05:00  INFO 54812 --- [           main] com.zaxxer.hikari.HikariDataSource       : HikariPool-7 - Starting...
2026-01-29T07:49:32.361-05:00  INFO 54812 --- [           main] com.zaxxer.hikari.pool.HikariPool        : HikariPool-7 - Added connection conn60: url=jdbc:h2:mem:testdb user=SA
2026-01-29T07:49:32.362-05:00  INFO 54812 --- [           main] com.zaxxer.hikari.HikariDataSource       : HikariPool-7 - Start completed.
2026-01-29T07:49:32.362-05:00  WARN 54812 --- [           main] org.hibernate.orm.deprecation            : HHH90000025: H2Dialect does not need to be specified explicitly using 'hibernate.dialect' (remove the property setting and it will be selected by default)
2026-01-29T07:49:32.414-05:00  INFO 54812 --- [           main] o.h.e.t.j.p.i.JtaPlatformInitiator       : HHH000489: No JTA platform available (set 'hibernate.transaction.jta.platform' to enable JTA platform integration)
2026-01-29T07:49:32.421-05:00  INFO 54812 --- [           main] j.LocalContainerEntityManagerFactoryBean : Initialized JPA EntityManagerFactory for persistence unit 'default'
2026-01-29T07:49:32.560-05:00  WARN 54812 --- [           main] JpaBaseConfiguration$JpaWebConfiguration : spring.jpa.open-in-view is enabled by default. Therefore, database queries may be performed during view rendering. Explicitly configure spring.jpa.open-in-view to disable this warning
2026-01-29T07:49:33.034-05:00  INFO 54812 --- [           main] o.s.b.a.e.web.EndpointLinksResolver      : Exposing 1 endpoint(s) beneath base path '/actuator'
2026-01-29T07:49:33.066-05:00  INFO 54812 --- [           main] o.s.s.web.DefaultSecurityFilterChain     : Will secure any request with [org.springframework.security.web.session.DisableEncodeUrlFilter@69c6fc5a, org.springframework.security.web.context.request.async.WebAsyncManagerIntegrationFilter@d8156ac, org.springframework.security.web.context.SecurityContextHolderFilter@146a81e4, org.springframework.security.web.header.HeaderWriterFilter@4f58822a, org.springframework.web.filter.CorsFilter@3d8c8ca2, org.springframework.security.web.authentication.logout.LogoutFilter@608e8516, com.nuevaeps.api.security.AuthTokenFilter@5b36d706, org.springframework.security.web.savedrequest.RequestCacheAwareFilter@218b7797, org.springframework.security.web.servletapi.SecurityContextHolderAwareRequestFilter@730ed75d, org.springframework.security.web.authentication.AnonymousAuthenticationFilter@49d1f8f7, org.springframework.security.web.session.SessionManagementFilter@71769652, org.springframework.security.web.access.ExceptionTranslationFilter@542b3be9, org.springframework.security.web.access.intercept.AuthorizationFilter@323946d9]
2026-01-29T07:49:33.369-05:00  INFO 54812 --- [           main] o.s.b.t.m.w.SpringBootMockServletContext : Initializing Spring TestDispatcherServlet ''
2026-01-29T07:49:33.369-05:00  INFO 54812 --- [           main] o.s.t.web.servlet.TestDispatcherServlet  : Initializing Servlet ''
2026-01-29T07:49:33.370-05:00  INFO 54812 --- [           main] o.s.t.web.servlet.TestDispatcherServlet  : Completed initialization in 1 ms
2026-01-29T07:49:33.384-05:00  INFO 54812 --- [           main] c.n.a.c.MedicamentoControllerTest        : Started MedicamentoControllerTest in 1.449 seconds (process running for 22.736)
2026-01-29T07:49:33.442-05:00  INFO 54812 --- [           main] j.LocalContainerEntityManagerFactoryBean : Closing JPA EntityManagerFactory for persistence unit 'default'
2026-01-29T07:49:33.444-05:00  INFO 54812 --- [           main] com.zaxxer.hikari.HikariDataSource       : HikariPool-7 - Shutdown initiated...
2026-01-29T07:49:33.445-05:00  INFO 54812 --- [           main] com.zaxxer.hikari.HikariDataSource       : HikariPool-7 - Shutdown completed.
]]></system-out>
  </testcase>
</testsuite>