<?xml version="1.0" encoding="UTF-8"?>
<testsuite xmlns:xsi="http://www.w3.org/2001/XMLSchema-instance" xsi:noNamespaceSchemaLocation="https://maven.apache.org/surefire/maven-surefire-plugin/xsd/surefire-test-report-3.0.xsd" version="3.0" name="com.nuevaeps.api.controller.AuthControllerTest" time="16.569" tests="4" errors="0" skipped="0" failures="0">
  <properties>
[...]
</properties>
  <testcase name="testLogin_Success" classname="com.nuevaeps.api.controller.AuthControllerTest" time="1.003">
    <system-out><![CDATA[07:49:11.514 [main] INFO org.springframework.test.context.support.AnnotationConfigContextLoaderUtils -- Could not detect default configuration classes for test class [com.nuevaeps.api.controller.AuthControllerTest]: AuthControllerTest does not declare any static, non-private, non-final, nested classes annotated with @Configuration.
07:49:11.682 [main] INFO org.springframework.boot.test.context.SpringBootTestContextBootstrapper -- Found @SpringBootConfiguration com.nuevaeps.api.NuevaepsApiApplication for test class com.nuevaeps.api.controller.AuthControllerTest

  .   ____          _            __ _ _
 /\\ / ___'_ __ _ _(_)_ __  __ _ \ \ \ \
( ( )\___ | '_ | '_| | '_ \/ _` | \ \ \ \
 \\/  ___)| |_)| | | | | || (_| |  ) ) ) )
  '  |____| .__|_| |_|_| |_\__, | / / / /
 =========|_|==============|___/=/_/_/_/
 :: Spring Boot ::                (v3.2.1)

2026-01-29T07:49:12.167-05:00  INFO 54812 --- [           main] c.n.api.controller.AuthControllerTest    : Starting AuthControllerTest using Java 25.0.1 with PID 54812 (started by jeoga in C:\Users\jeoga\Documents\NuevaEPS\nuevaeps-backend)
2026-01-29T07:49:12.170-05:00  INFO 54812 --- [           main] c.n.api.controller.AuthControllerTest    : No active profile set, falling back to 1 default profile: "default"
2026-01-29T07:49:13.439-05:00  INFO 54812 --- [           main] .s.d.r.c.RepositoryConfigurationDelegate : Bootstrapping Spring Data JPA repositories in DEFAULT mode.
2026-01-29T07:49:13.519-05:00  INFO 54812 --- [           main] .s.d.r.c.RepositoryConfigurationDelegate : Finished Spring Data repository scanning in 73 ms. Found 3 JPA repository interfaces.
2026-01-29T07:49:14.776-05:00  INFO 54812 --- [           main] o.hibernate.jpa.internal.util.LogHelper  : HHH000204: Processing PersistenceUnitInfo [name: default]
2026-01-29T07:49:14.873-05:00  INFO 54812 --- [           main] org.hibernate.Version                    : HHH000412: Hibernate ORM core version 6.4.1.Final
2026-01-29T07:49:14.969-05:00  INFO 54812 --- [           main] o.h.c.internal.RegionFactoryInitiator    : HHH000026: Second-level cache disabled
2026-01-29T07:49:15.326-05:00  INFO 54812 --- [           main] o.s.o.j.p.SpringPersistenceUnitInfo      : No LoadTimeWeaver setup: ignoring JPA class transformer
2026-01-29T07:49:15.363-05:00  INFO 54812 --- [           main] com.zaxxer.hikari.HikariDataSource       : HikariPool-1 - Starting...
2026-01-29T07:49:15.582-05:00  INFO 54812 --- [           main] com.zaxxer.hikari.pool.HikariPool        : HikariPool-1 - Added connection conn0: url=jdbc:h2:mem:testdb user=SA
2026-01-29T07:49:15.584-05:00  INFO 54812 --- [           main] com.zaxxer.hikari.HikariDataSource       : HikariPool-1 - Start completed.
2026-01-29T07:49:15.613-05:00  WARN 54812 --- [           main] org.hibernate.orm.deprecation            : HHH90000025: H2Dialect does not need to be specified explicitly using 'hibernate.dialect' (remove the property setting and it will be selected by default)
2026-01-29T07:49:16.451-05:00  INFO 54812 --- [           main] o.h.e.t.j.p.i.JtaPlatformInitiator       : HHH000489: No JTA platform available (set 'hibernate.transaction.jta.platform' to enable JTA platform integration)
2026-01-29T07:49:16.490-05:00  INFO 54812 --- [           main] j.LocalContainerEntityManagerFactoryBean : Initialized JPA EntityManagerFactory for persistence unit 'default'
2026-01-29T07:49:17.539-05:00  WARN 54812 --- [           main] JpaBaseConfiguration$JpaWebConfiguration : spring.jpa.open-in-view is enabled by default. Therefore, database queries may be performed during view rendering. Explicitly configure spring.jpa.open-in-view to disable this warning
2026-01-29T07:49:19.369-05:00  INFO 54812 --- [           main] o.s.b.a.e.web.EndpointLinksResolver      : Exposing 1 endpoint(s) beneath base path '/actuator'
2026-01-29T07:49:19.532-05:00  INFO 54812 --- [           main] o.s.s.web.DefaultSecurityFilterChain     : Will secure any request with [org.springframework.security.web.session.DisableEncodeUrlFilter@1d4ee936, org.springframework.security.web.context.request.async.WebAsyncManagerIntegrationFilter@7410c197, org.springframework.security.web.context.SecurityContextHolderFilter@2da7ef3e, org.springframework.security.web.header.HeaderWriterFilter@29fa465a, org.springframework.web.filter.CorsFilter@363751f2, org.springframework.security.web.authentication.logout.LogoutFilter@1400984b, com.nuevaeps.api.security.AuthTokenFilter@9be2897, org.springframework.security.web.savedrequest.RequestCacheAwareFilter@a589070, org.springframework.security.web.servletapi.SecurityContextHolderAwareRequestFilter@1fbd0850, org.springframework.security.web.authentication.AnonymousAuthenticationFilter@688884e, org.springframework.security.web.session.SessionManagementFilter@361a1e86, org.springframework.security.web.access.ExceptionTranslationFilter@4e09c3b0, org.springframework.security.web.access.intercept.AuthorizationFilter@18b8518b]
2026-01-29T07:49:20.784-05:00  INFO 54812 --- [           main] o.s.b.t.m.w.SpringBootMockServletContext : Initializing Spring TestDispatcherServlet ''
2026-01-29T07:49:20.784-05:00  INFO 54812 --- [           main] o.s.t.web.servlet.TestDispatcherServlet  : Initializing Servlet ''
2026-01-29T07:49:20.786-05:00  INFO 54812 --- [           main] o.s.t.web.servlet.TestDispatcherServlet  : Completed initialization in 1 ms
2026-01-29T07:49:20.867-05:00  INFO 54812 --- [           main] c.n.api.controller.AuthControllerTest    : Started AuthControllerTest in 9.031 seconds (process running for 10.219)
2026-01-29T07:49:21.951-05:00  INFO 54812 --- [           main] j.LocalContainerEntityManagerFactoryBean : Closing JPA EntityManagerFactory for persistence unit 'default'
2026-01-29T07:49:21.956-05:00  INFO 54812 --- [           main] com.zaxxer.hikari.HikariDataSource       : HikariPool-1 - Shutdown initiated...
2026-01-29T07:49:21.958-05:00  INFO 54812 --- [           main] com.zaxxer.hikari.HikariDataSource       : HikariPool-1 - Shutdown completed.
]]></system-out>
    <system-err><![CDATA[WARNING: A Java agent has been loaded dynamically (C:\Users\jeoga\.m2\repository\net\bytebuddy\byte-buddy-agent\1.14.10\byte-buddy-agent-1.14.10.jar)
WARNING: If a serviceability tool is in use, please run with -XX:+EnableDynamicAgentLoading to hide this warning
WARNING: If a serviceability tool is not in use, please run with -Djdk.instrument.traceUsage for more information
WARNING: Dynamic loading of agents will be disallowed by default in a future release
]]></system-err>
  </testcase>
  <testcase name="testRegister_DuplicateUsername" classname="com.nuevaeps.api.controller.AuthControllerTest" time="0.184">
    <system-out><![CDATA[
  .   ____          _            __ _ _
 /\\ / ___'_ __ _ _(_)_ __  __ _ \ \ \ \
( ( )\___ | '_ | '_| | '_ \/ _` | \ \ \ \
 \\/  ___)| |_)| | | | | || (_| |  ) ) ) )
  '  |____| .__|_| |_|_| |_\__, | / / / /
 =========|_|==============|___/=/_/_/_/
 :: Spring Boot ::                (v3.2.1)

2026-01-29T07:49:21.996-05:00  INFO 54812 --- [           main] c.n.api.controller.AuthControllerTest    : Starting AuthControllerTest using Java 25.0.1 with PID 54812 (started by jeoga in C:\Users\jeoga\Documents\NuevaEPS\nuevaeps-backend)
2026-01-29T07:49:21.996-05:00  INFO 54812 --- [           main] c.n.api.controller.AuthControllerTest    : No active profile set, falling back to 1 default profile: "default"
2026-01-29T07:49:22.515-05:00  INFO 54812 --- [           main] .s.d.r.c.RepositoryConfigurationDelegate : Bootstrapping Spring Data JPA repositories in DEFAULT mode.
2026-01-29T07:49:22.527-05:00  INFO 54812 --- [           main] .s.d.r.c.RepositoryConfigurationDelegate : Finished Spring Data repository scanning in 12 ms. Found 3 JPA repository interfaces.
2026-01-29T07:49:22.641-05:00  INFO 54812 --- [           main] o.hibernate.jpa.internal.util.LogHelper  : HHH000204: Processing PersistenceUnitInfo [name: default]
2026-01-29T07:49:22.644-05:00  INFO 54812 --- [           main] o.h.c.internal.RegionFactoryInitiator    : HHH000026: Second-level cache disabled
2026-01-29T07:49:22.648-05:00  INFO 54812 --- [           main] o.s.o.j.p.SpringPersistenceUnitInfo      : No LoadTimeWeaver setup: ignoring JPA class transformer
2026-01-29T07:49:22.649-05:00  INFO 54812 --- [           main] com.zaxxer.hikari.HikariDataSource       : HikariPool-2 - Starting...
2026-01-29T07:49:22.650-05:00  INFO 54812 --- [           main] com.zaxxer.hikari.pool.HikariPool        : HikariPool-2 - Added connection conn10: url=jdbc:h2:mem:testdb user=SA
2026-01-29T07:49:22.651-05:00  INFO 54812 --- [           main] com.zaxxer.hikari.HikariDataSource       : HikariPool-2 - Start completed.
2026-01-29T07:49:22.651-05:00  WARN 54812 --- [           main] org.hibernate.orm.deprecation            : HHH90000025: H2Dialect does not need to be specified explicitly using 'hibernate.dialect' (remove the property setting and it will be selected by default)
2026-01-29T07:49:22.708-05:00  INFO 54812 --- [           main] o.h.e.t.j.p.i.JtaPlatformInitiator       : HHH000489: No JTA platform available (set 'hibernate.transaction.jta.platform' to enable JTA platform integration)
2026-01-29T07:49:22.713-05:00  INFO 54812 --- [           main] j.LocalContainerEntityManagerFactoryBean : Initialized JPA EntityManagerFactory for persistence unit 'default'
2026-01-29T07:49:22.956-05:00  WARN 54812 --- [           main] JpaBaseConfiguration$JpaWebConfiguration : spring.jpa.open-in-view is enabled by default. Therefore, database queries may be performed during view rendering. Explicitly configure spring.jpa.open-in-view to disable this warning
2026-01-29T07:49:23.694-05:00  INFO 54812 --- [           main] o.s.b.a.e.web.EndpointLinksResolver      : Exposing 1 endpoint(s) beneath base path '/actuator'
2026-01-29T07:49:23.744-05:00  INFO 54812 --- [           main] o.s.s.web.DefaultSecurityFilterChain     : Will secure any request with [org.springframework.security.web.session.DisableEncodeUrlFilter@656605e7, org.springframework.security.web.context.request.async.WebAsyncManagerIntegrationFilter@29d8d7a9, org.springframework.security.web.context.SecurityContextHolderFilter@460fe6e3, org.springframework.security.web.header.HeaderWriterFilter@38b2a4e7, org.springframework.web.filter.CorsFilter@50798d39, org.springframework.security.web.authentication.logout.LogoutFilter@e43189c, com.nuevaeps.api.security.AuthTokenFilter@37a53e65, org.springframework.security.web.savedrequest.RequestCacheAwareFilter@418422c3, org.springframework.security.web.servletapi.SecurityContextHolderAwareRequestFilter@1a8251ba, org.springframework.security.web.authentication.AnonymousAuthenticationFilter@9b8d3db, org.springframework.security.web.session.SessionManagementFilter@26ac8501, org.springframework.security.web.access.ExceptionTranslationFilter@4c082a7d, org.springframework.security.web.access.intercept.AuthorizationFilter@317e9cf5]
2026-01-29T07:49:24.108-05:00  INFO 54812 --- [           main] o.s.b.t.m.w.SpringBootMockServletContext : Initializing Spring TestDispatcherServlet ''
2026-01-29T07:49:24.109-05:00  INFO 54812 --- [           main] o.s.t.web.servlet.TestDispatcherServlet  : Initializing Servlet ''
2026-01-29T07:49:24.110-05:00  INFO 54812 --- [           main] o.s.t.web.servlet.TestDispatcherServlet  : Completed initialization in 1 ms
2026-01-29T07:49:24.134-05:00  INFO 54812 --- [           main] c.n.api.controller.AuthControllerTest    : Started AuthControllerTest in 2.168 seconds (process running for 13.486)
2026-01-29T07:49:24.293-05:00  WARN 54812 --- [           main] o.h.engine.jdbc.spi.SqlExceptionHelper   : SQL Error: 23505, SQLState: 23505
2026-01-29T07:49:24.293-05:00 ERROR 54812 --- [           main] o.h.engine.jdbc.spi.SqlExceptionHelper   : Violación de indice de Unicidad ó Clave primaria: "PUBLIC.CONSTRAINT_INDEX_3 ON PUBLIC.USUARIOS(USERNAME NULLS FIRST) VALUES ( /* 1 */ 'duplicate' )"
Unique index or primary key violation: "PUBLIC.CONSTRAINT_INDEX_3 ON PUBLIC.USUARIOS(USERNAME NULLS FIRST) VALUES ( /* 1 */ 'duplicate' )"; SQL statement:
insert into usuarios (password,username,id) values (?,?,default) [23505-224]
2026-01-29T07:49:24.313-05:00  INFO 54812 --- [           main] j.LocalContainerEntityManagerFactoryBean : Closing JPA EntityManagerFactory for persistence unit 'default'
2026-01-29T07:49:24.317-05:00  INFO 54812 --- [           main] com.zaxxer.hikari.HikariDataSource       : HikariPool-2 - Shutdown initiated...
2026-01-29T07:49:24.322-05:00  INFO 54812 --- [           main] com.zaxxer.hikari.HikariDataSource       : HikariPool-2 - Shutdown completed.
]]></system-out>
  </testcase>
  <testcase name="testLogin_InvalidCredentials" classname="com.nuevaeps.api.controller.AuthControllerTest" time="0.149">
    <system-out><![CDATA[
  .   ____          _            __ _ _
 /\\ / ___'_ __ _ _(_)_ __  __ _ \ \ \ \
( ( )\___ | '_ | '_| | '_ \/ _` | \ \ \ \
 \\/  ___)| |_)| | | | | || (_| |  ) ) ) )
  '  |____| .__|_| |_|_| |_\__, | / / / /
 =========|_|==============|___/=/_/_/_/
 :: Spring Boot ::                (v3.2.1)

2026-01-29T07:49:24.369-05:00  INFO 54812 --- [           main] c.n.api.controller.AuthControllerTest    : Starting AuthControllerTest using Java 25.0.1 with PID 54812 (started by jeoga in C:\Users\jeoga\Documents\NuevaEPS\nuevaeps-backend)
2026-01-29T07:49:24.369-05:00  INFO 54812 --- [           main] c.n.api.controller.AuthControllerTest    : No active profile set, falling back to 1 default profile: "default"
2026-01-29T07:49:24.708-05:00  INFO 54812 --- [           main] .s.d.r.c.RepositoryConfigurationDelegate : Bootstrapping Spring Data JPA repositories in DEFAULT mode.
2026-01-29T07:49:24.722-05:00  INFO 54812 --- [           main] .s.d.r.c.RepositoryConfigurationDelegate : Finished Spring Data repository scanning in 12 ms. Found 3 JPA repository interfaces.
2026-01-29T07:49:24.860-05:00  INFO 54812 --- [           main] o.hibernate.jpa.internal.util.LogHelper  : HHH000204: Processing PersistenceUnitInfo [name: default]
2026-01-29T07:49:24.864-05:00  INFO 54812 --- [           main] o.h.c.internal.RegionFactoryInitiator    : HHH000026: Second-level cache disabled
2026-01-29T07:49:24.870-05:00  INFO 54812 --- [           main] o.s.o.j.p.SpringPersistenceUnitInfo      : No LoadTimeWeaver setup: ignoring JPA class transformer
2026-01-29T07:49:24.871-05:00  INFO 54812 --- [           main] com.zaxxer.hikari.HikariDataSource       : HikariPool-3 - Starting...
2026-01-29T07:49:24.873-05:00  INFO 54812 --- [           main] com.zaxxer.hikari.pool.HikariPool        : HikariPool-3 - Added connection conn20: url=jdbc:h2:mem:testdb user=SA
2026-01-29T07:49:24.874-05:00  INFO 54812 --- [           main] com.zaxxer.hikari.HikariDataSource       : HikariPool-3 - Start completed.
2026-01-29T07:49:24.875-05:00  WARN 54812 --- [           main] org.hibernate.orm.deprecation            : HHH90000025: H2Dialect does not need to be specified explicitly using 'hibernate.dialect' (remove the property setting and it will be selected by default)
2026-01-29T07:49:24.934-05:00  INFO 54812 --- [           main] o.h.e.t.j.p.i.JtaPlatformInitiator       : HHH000489: No JTA platform available (set 'hibernate.transaction.jta.platform' to enable JTA platform integration)
2026-01-29T07:49:24.939-05:00  INFO 54812 --- [           main] j.LocalContainerEntityManagerFactoryBean : Initialized JPA EntityManagerFactory for persistence unit 'default'
2026-01-29T07:49:25.145-05:00  WARN 54812 --- [           main] JpaBaseConfiguration$JpaWebConfiguration : spring.jpa.open-in-view is enabled by default. Therefore, database queries may be performed during view rendering. Explicitly configure spring.jpa.open-in-view to disable this warning
2026-01-29T07:49:25.738-05:00  INFO 54812 --- [           main] o.s.b.a.e.web.EndpointLinksResolver      : Exposing 1 endpoint(s) beneath base path '/actuator'
2026-01-29T07:49:25.790-05:00  INFO 54812 --- [           main] o.s.s.web.DefaultSecurityFilterChain     : Will secure any request with [org.springframework.security.web.session.DisableEncodeUrlFilter@6166d18b, org.springframework.security.web.context.request.async.WebAsyncManagerIntegrationFilter@4270a134, org.springframework.security.web.context.SecurityContextHolderFilter@78ac66e2, org.springframework.security.web.header.HeaderWriterFilter@7bd6393d, org.springframework.web.filter.CorsFilter@3d4d5af7, org.springframework.security.web.authentication.logout.LogoutFilter@66968a15, com.nuevaeps.api.security.AuthTokenFilter@50a80d6b, org.springframework.security.web.savedrequest.RequestCacheAwareFilter@5672c056, org.springframework.security.web.servletapi.SecurityContextHolderAwareRequestFilter@40f6e092, org.springframework.security.web.authentication.AnonymousAuthenticationFilter@33d74ebd, org.springframework.security.web.session.SessionManagementFilter@7431ac04, org.springframework.security.web.access.ExceptionTranslationFilter@10ca3611, org.springframework.security.web.access.intercept.AuthorizationFilter@65d26881]
2026-01-29T07:49:26.073-05:00  INFO 54812 --- [           main] o.s.b.t.m.w.SpringBootMockServletContext : Initializing Spring TestDispatcherServlet ''
2026-01-29T07:49:26.073-05:00  INFO 54812 --- [           main] o.s.t.web.servlet.TestDispatcherServlet  : Initializing Servlet ''
2026-01-29T07:49:26.074-05:00  INFO 54812 --- [           main] o.s.t.web.servlet.TestDispatcherServlet  : Completed initialization in 1 ms
2026-01-29T07:49:26.097-05:00  INFO 54812 --- [           main] c.n.api.controller.AuthControllerTest    : Started AuthControllerTest in 1.771 seconds (process running for 15.449)
2026-01-29T07:49:26.242-05:00  INFO 54812 --- [           main] j.LocalContainerEntityManagerFactoryBean : Closing JPA EntityManagerFactory for persistence unit 'default'
2026-01-29T07:49:26.246-05:00  INFO 54812 --- [           main] com.zaxxer.hikari.HikariDataSource       : HikariPool-3 - Shutdown initiated...
2026-01-29T07:49:26.248-05:00  INFO 54812 --- [           main] com.zaxxer.hikari.HikariDataSource       : HikariPool-3 - Shutdown completed.
]]></system-out>
  </testcase>
  <testcase name="testRegister_Success" classname="com.nuevaeps.api.controller.AuthControllerTest" time="0.101">
    <system-out><![CDATA[
  .   ____          _            __ _ _
 /\\ / ___'_ __ _ _(_)_ __  __ _ \ \ \ \
( ( )\___ | '_ | '_| | '_ \/ _` | \ \ \ \
 \\/  ___)| |_)| | | | | || (_| |  ) ) ) )
  '  |____| .__|_| |_|_| |_\__, | / / / /
 =========|_|==============|___/=/_/_/_/
 :: Spring Boot ::                (v3.2.1)

2026-01-29T07:49:26.268-05:00  INFO 54812 --- [           main] c.n.api.controller.AuthControllerTest    : Starting AuthControllerTest using Java 25.0.1 with PID 54812 (started by jeoga in C:\Users\jeoga\Documents\NuevaEPS\nuevaeps-backend)
2026-01-29T07:49:26.268-05:00  INFO 54812 --- [           main] c.n.api.controller.AuthControllerTest    : No active profile set, falling back to 1 default profile: "default"
2026-01-29T07:49:26.499-05:00  INFO 54812 --- [           main] .s.d.r.c.RepositoryConfigurationDelegate : Bootstrapping Spring Data JPA repositories in DEFAULT mode.
2026-01-29T07:49:26.511-05:00  INFO 54812 --- [           main] .s.d.r.c.RepositoryConfigurationDelegate : Finished Spring Data repository scanning in 11 ms. Found 3 JPA repository interfaces.
2026-01-29T07:49:26.667-05:00  INFO 54812 --- [           main] o.hibernate.jpa.internal.util.LogHelper  : HHH000204: Processing PersistenceUnitInfo [name: default]
2026-01-29T07:49:26.672-05:00  INFO 54812 --- [           main] o.h.c.internal.RegionFactoryInitiator    : HHH000026: Second-level cache disabled
2026-01-29T07:49:26.677-05:00  INFO 54812 --- [           main] o.s.o.j.p.SpringPersistenceUnitInfo      : No LoadTimeWeaver setup: ignoring JPA class transformer
2026-01-29T07:49:26.678-05:00  INFO 54812 --- [           main] com.zaxxer.hikari.HikariDataSource       : HikariPool-4 - Starting...
2026-01-29T07:49:26.680-05:00  INFO 54812 --- [           main] com.zaxxer.hikari.pool.HikariPool        : HikariPool-4 - Added connection conn30: url=jdbc:h2:mem:testdb user=SA
2026-01-29T07:49:26.681-05:00  INFO 54812 --- [           main] com.zaxxer.hikari.HikariDataSource       : HikariPool-4 - Start completed.
2026-01-29T07:49:26.681-05:00  WARN 54812 --- [           main] org.hibernate.orm.deprecation            : HHH90000025: H2Dialect does not need to be specified explicitly using 'hibernate.dialect' (remove the property setting and it will be selected by default)
2026-01-29T07:49:26.764-05:00  INFO 54812 --- [           main] o.h.e.t.j.p.i.JtaPlatformInitiator       : HHH000489: No JTA platform available (set 'hibernate.transaction.jta.platform' to enable JTA platform integration)
2026-01-29T07:49:26.776-05:00  INFO 54812 --- [           main] j.LocalContainerEntityManagerFactoryBean : Initialized JPA EntityManagerFactory for persistence unit 'default'
2026-01-29T07:49:26.993-05:00  WARN 54812 --- [           main] JpaBaseConfiguration$JpaWebConfiguration : spring.jpa.open-in-view is enabled by default. Therefore, database queries may be performed during view rendering. Explicitly configure spring.jpa.open-in-view to disable this warning
2026-01-29T07:49:27.518-05:00  INFO 54812 --- [           main] o.s.b.a.e.web.EndpointLinksResolver      : Exposing 1 endpoint(s) beneath base path '/actuator'
2026-01-29T07:49:27.549-05:00  INFO 54812 --- [           main] o.s.s.web.DefaultSecurityFilterChain     : Will secure any request with [org.springframework.security.web.session.DisableEncodeUrlFilter@13190f44, org.springframework.security.web.context.request.async.WebAsyncManagerIntegrationFilter@451426ac, org.springframework.security.web.context.SecurityContextHolderFilter@48cea80f, org.springframework.security.web.header.HeaderWriterFilter@57ad1859, org.springframework.web.filter.CorsFilter@59d44c64, org.springframework.security.web.authentication.logout.LogoutFilter@402fd8ab, com.nuevaeps.api.security.AuthTokenFilter@50187377, org.springframework.security.web.savedrequest.RequestCacheAwareFilter@7da9a300, org.springframework.security.web.servletapi.SecurityContextHolderAwareRequestFilter@4f00ee48, org.springframework.security.web.authentication.AnonymousAuthenticationFilter@1bdc5006, org.springframework.security.web.session.SessionManagementFilter@2ff19dab, org.springframework.security.web.access.ExceptionTranslationFilter@408d5c64, org.springframework.security.web.access.intercept.AuthorizationFilter@410f8fd3]
2026-01-29T07:49:27.826-05:00  INFO 54812 --- [           main] o.s.b.t.m.w.SpringBootMockServletContext : Initializing Spring TestDispatcherServlet ''
2026-01-29T07:49:27.826-05:00  INFO 54812 --- [           main] o.s.t.web.servlet.TestDispatcherServlet  : Initializing Servlet ''
2026-01-29T07:49:27.827-05:00  INFO 54812 --- [           main] o.s.t.web.servlet.TestDispatcherServlet  : Completed initialization in 0 ms
2026-01-29T07:49:27.844-05:00  INFO 54812 --- [           main] c.n.api.controller.AuthControllerTest    : Started AuthControllerTest in 1.593 seconds (process running for 17.195)
2026-01-29T07:49:27.942-05:00  INFO 54812 --- [           main] j.LocalContainerEntityManagerFactoryBean : Closing JPA EntityManagerFactory for persistence unit 'default'
2026-01-29T07:49:27.944-05:00  INFO 54812 --- [           main] com.zaxxer.hikari.HikariDataSource       : HikariPool-4 - Shutdown initiated...
2026-01-29T07:49:27.945-05:00  INFO 54812 --- [           main] com.zaxxer.hikari.HikariDataSource       : HikariPool-4 - Shutdown completed.
]]></system-out>
  </testcase>
</testsuite>