<?xml version="1.0" encoding="UTF-8"?>
<testsuite xmlns:xsi="http://www.w3.org/2001/XMLSchema-instance" xsi:noNamespaceSchemaLocation="https://maven.apache.org/surefire/maven-surefire-plugin/xsd/surefire-test-report-3.0.xsd" version="3.0" name="com.nuevaeps.api.controller.SolicitudMedicamentoControllerTest" time="9.963" tests="7" errors="0" skipped="0" failures="0">
  <properties>
[...]
</properties>
  <testcase name="testObtenerSolicitudesPorMedicamento_Success" classname="com.nuevaeps.api.controller.SolicitudMedicamentoControllerTest" time="0.024">
    <system-out><![CDATA[2026-01-28T22:33:08.473-05:00  INFO 46056 --- [           main] t.c.s.AnnotationConfigContextLoaderUtils : Could not detect default configuration classes for test class [com.nuevaeps.api.controller.SolicitudMedicamentoControllerTest]: SolicitudMedicamentoControllerTest does not declare any static, non-private, non-final, nested classes annotated with @Configuration.
2026-01-28T22:33:08.479-05:00  INFO 46056 --- [           main] .b.t.c.SpringBootTestContextBootstrapper : Found @SpringBootConfiguration com.nuevaeps.api.NuevaepsApiApplication for test class com.nuevaeps.api.controller.SolicitudMedicamentoControllerTest

  .   ____          _            __ _ _
 /\\ / ___'_ __ _ _(_)_ __  __ _ \ \ \ \
( ( )\___ | '_ | '_| | '_ \/ _` | \ \ \ \
 \\/  ___)| |_)| | | | | || (_| |  ) ) ) )
  '  |____| .__|_| |_|_| |_\__, | / / / /
 =========|_|==============|___/=/_/_/_/
 :: Spring Boot ::                (v3.2.1)

2026-01-28T22:33:08.500-05:00  INFO 46056 --- [           main] n.a.c.SolicitudMedicamentoControllerTest : Starting SolicitudMedicamentoControllerTest using Java 25.0.1 with PID 46056 (started by jeoga in C:\Users\jeoga\Documents\NuevaEPS\nuevaeps-backend)
2026-01-28T22:33:08.501-05:00  INFO 46056 --- [           main] n.a.c.SolicitudMedicamentoControllerTest : No active profile set, falling back to 1 default profile: "default"
2026-01-28T22:33:08.675-05:00  INFO 46056 --- [           main] .s.d.r.c.RepositoryConfigurationDelegate : Bootstrapping Spring Data JPA repositories in DEFAULT mode.
2026-01-28T22:33:08.683-05:00  INFO 46056 --- [           main] .s.d.r.c.RepositoryConfigurationDelegate : Finished Spring Data repository scanning in 7 ms. Found 3 JPA repository interfaces.
2026-01-28T22:33:08.769-05:00  INFO 46056 --- [           main] o.hibernate.jpa.internal.util.LogHelper  : HHH000204: Processing PersistenceUnitInfo [name: default]
2026-01-28T22:33:08.772-05:00  INFO 46056 --- [           main] o.h.c.internal.RegionFactoryInitiator    : HHH000026: Second-level cache disabled
2026-01-28T22:33:08.776-05:00  INFO 46056 --- [           main] o.s.o.j.p.SpringPersistenceUnitInfo      : No LoadTimeWeaver setup: ignoring JPA class transformer
2026-01-28T22:33:08.777-05:00  INFO 46056 --- [           main] com.zaxxer.hikari.HikariDataSource       : HikariPool-8 - Starting...
2026-01-28T22:33:08.778-05:00  INFO 46056 --- [           main] com.zaxxer.hikari.pool.HikariPool        : HikariPool-8 - Added connection conn70: url=jdbc:h2:mem:testdb user=SA
2026-01-28T22:33:08.779-05:00  INFO 46056 --- [           main] com.zaxxer.hikari.HikariDataSource       : HikariPool-8 - Start completed.
2026-01-28T22:33:08.779-05:00  WARN 46056 --- [           main] org.hibernate.orm.deprecation            : HHH90000025: H2Dialect does not need to be specified explicitly using 'hibernate.dialect' (remove the property setting and it will be selected by default)
2026-01-28T22:33:08.809-05:00  INFO 46056 --- [           main] o.h.e.t.j.p.i.JtaPlatformInitiator       : HHH000489: No JTA platform available (set 'hibernate.transaction.jta.platform' to enable JTA platform integration)
2026-01-28T22:33:08.813-05:00  INFO 46056 --- [           main] j.LocalContainerEntityManagerFactoryBean : Initialized JPA EntityManagerFactory for persistence unit 'default'
2026-01-28T22:33:08.961-05:00  WARN 46056 --- [           main] JpaBaseConfiguration$JpaWebConfiguration : spring.jpa.open-in-view is enabled by default. Therefore, database queries may be performed during view rendering. Explicitly configure spring.jpa.open-in-view to disable this warning
2026-01-28T22:33:09.701-05:00  INFO 46056 --- [           main] o.s.b.a.e.web.EndpointLinksResolver      : Exposing 1 endpoint(s) beneath base path '/actuator'
2026-01-28T22:33:09.741-05:00  INFO 46056 --- [           main] o.s.s.web.DefaultSecurityFilterChain     : Will secure any request with [org.springframework.security.web.session.DisableEncodeUrlFilter@b7c18d0, org.springframework.security.web.context.request.async.WebAsyncManagerIntegrationFilter@e2e331f, org.springframework.security.web.context.SecurityContextHolderFilter@cbfc4da, org.springframework.security.web.header.HeaderWriterFilter@6608ecac, org.springframework.web.filter.CorsFilter@a00beaa, org.springframework.security.web.authentication.logout.LogoutFilter@6bf7ea18, com.nuevaeps.api.security.AuthTokenFilter@112b1f08, org.springframework.security.web.savedrequest.RequestCacheAwareFilter@1592cdb8, org.springframework.security.web.servletapi.SecurityContextHolderAwareRequestFilter@2ff3c844, org.springframework.security.web.authentication.AnonymousAuthenticationFilter@10048bd9, org.springframework.security.web.session.SessionManagementFilter@5541c8fa, org.springframework.security.web.access.ExceptionTranslationFilter@45032aa3, org.springframework.security.web.access.intercept.AuthorizationFilter@10e72b0f]
2026-01-28T22:33:10.090-05:00  INFO 46056 --- [           main] o.s.b.t.m.w.SpringBootMockServletContext : Initializing Spring TestDispatcherServlet ''
2026-01-28T22:33:10.090-05:00  INFO 46056 --- [           main] o.s.t.web.servlet.TestDispatcherServlet  : Initializing Servlet ''
2026-01-28T22:33:10.090-05:00  INFO 46056 --- [           main] o.s.t.web.servlet.TestDispatcherServlet  : Completed initialization in 0 ms
2026-01-28T22:33:10.103-05:00  INFO 46056 --- [           main] n.a.c.SolicitudMedicamentoControllerTest : Started SolicitudMedicamentoControllerTest in 1.62 seconds (process running for 25.535)
2026-01-28T22:33:10.126-05:00  INFO 46056 --- [           main] j.LocalContainerEntityManagerFactoryBean : Closing JPA EntityManagerFactory for persistence unit 'default'
2026-01-28T22:33:10.128-05:00  INFO 46056 --- [           main] com.zaxxer.hikari.HikariDataSource       : HikariPool-8 - Shutdown initiated...
2026-01-28T22:33:10.129-05:00  INFO 46056 --- [           main] com.zaxxer.hikari.HikariDataSource       : HikariPool-8 - Shutdown completed.
]]></system-out>
  </testcase>
  <testcase name="testCrearSolicitud_Success" classname="com.nuevaeps.api.controller.SolicitudMedicamentoControllerTest" time="0.025">
    <system-out><![CDATA[
  .   ____          _            __ _ _
 /\\ / ___'_ __ _ _(_)_ __  __ _ \ \ \ \
( ( )\___ | '_ | '_| | '_ \/ _` | \ \ \ \
 \\/  ___)| |_)| | | | | || (_| |  ) ) ) )
  '  |____| .__|_| |_|_| |_\__, | / / / /
 =========|_|==============|___/=/_/_/_/
 :: Spring Boot ::                (v3.2.1)

2026-01-28T22:33:10.156-05:00  INFO 46056 --- [           main] n.a.c.SolicitudMedicamentoControllerTest : Starting SolicitudMedicamentoControllerTest using Java 25.0.1 with PID 46056 (started by jeoga in C:\Users\jeoga\Documents\NuevaEPS\nuevaeps-backend)
2026-01-28T22:33:10.157-05:00  INFO 46056 --- [           main] n.a.c.SolicitudMedicamentoControllerTest : No active profile set, falling back to 1 default profile: "default"
2026-01-28T22:33:10.435-05:00  INFO 46056 --- [           main] .s.d.r.c.RepositoryConfigurationDelegate : Bootstrapping Spring Data JPA repositories in DEFAULT mode.
2026-01-28T22:33:10.448-05:00  INFO 46056 --- [           main] .s.d.r.c.RepositoryConfigurationDelegate : Finished Spring Data repository scanning in 11 ms. Found 3 JPA repository interfaces.
2026-01-28T22:33:10.544-05:00  INFO 46056 --- [           main] o.hibernate.jpa.internal.util.LogHelper  : HHH000204: Processing PersistenceUnitInfo [name: default]
2026-01-28T22:33:10.545-05:00  INFO 46056 --- [           main] o.h.c.internal.RegionFactoryInitiator    : HHH000026: Second-level cache disabled
2026-01-28T22:33:10.548-05:00  INFO 46056 --- [           main] o.s.o.j.p.SpringPersistenceUnitInfo      : No LoadTimeWeaver setup: ignoring JPA class transformer
2026-01-28T22:33:10.550-05:00  INFO 46056 --- [           main] com.zaxxer.hikari.HikariDataSource       : HikariPool-9 - Starting...
2026-01-28T22:33:10.552-05:00  INFO 46056 --- [           main] com.zaxxer.hikari.pool.HikariPool        : HikariPool-9 - Added connection conn80: url=jdbc:h2:mem:testdb user=SA
2026-01-28T22:33:10.553-05:00  INFO 46056 --- [           main] com.zaxxer.hikari.HikariDataSource       : HikariPool-9 - Start completed.
2026-01-28T22:33:10.553-05:00  WARN 46056 --- [           main] org.hibernate.orm.deprecation            : HHH90000025: H2Dialect does not need to be specified explicitly using 'hibernate.dialect' (remove the property setting and it will be selected by default)
2026-01-28T22:33:10.586-05:00  INFO 46056 --- [           main] o.h.e.t.j.p.i.JtaPlatformInitiator       : HHH000489: No JTA platform available (set 'hibernate.transaction.jta.platform' to enable JTA platform integration)
2026-01-28T22:33:10.590-05:00  INFO 46056 --- [           main] j.LocalContainerEntityManagerFactoryBean : Initialized JPA EntityManagerFactory for persistence unit 'default'
2026-01-28T22:33:10.721-05:00  WARN 46056 --- [           main] JpaBaseConfiguration$JpaWebConfiguration : spring.jpa.open-in-view is enabled by default. Therefore, database queries may be performed during view rendering. Explicitly configure spring.jpa.open-in-view to disable this warning
2026-01-28T22:33:11.287-05:00  INFO 46056 --- [           main] o.s.b.a.e.web.EndpointLinksResolver      : Exposing 1 endpoint(s) beneath base path '/actuator'
2026-01-28T22:33:11.320-05:00  INFO 46056 --- [           main] o.s.s.web.DefaultSecurityFilterChain     : Will secure any request with [org.springframework.security.web.session.DisableEncodeUrlFilter@bf6f001, org.springframework.security.web.context.request.async.WebAsyncManagerIntegrationFilter@4c606f8c, org.springframework.security.web.context.SecurityContextHolderFilter@7b87e89d, org.springframework.security.web.header.HeaderWriterFilter@32f2c3d3, org.springframework.web.filter.CorsFilter@1e6d5efa, org.springframework.security.web.authentication.logout.LogoutFilter@4809fa66, com.nuevaeps.api.security.AuthTokenFilter@7db69013, org.springframework.security.web.savedrequest.RequestCacheAwareFilter@79fa88fb, org.springframework.security.web.servletapi.SecurityContextHolderAwareRequestFilter@286dce89, org.springframework.security.web.authentication.AnonymousAuthenticationFilter@35e011d3, org.springframework.security.web.session.SessionManagementFilter@527e2e3e, org.springframework.security.web.access.ExceptionTranslationFilter@d52ab92, org.springframework.security.web.access.intercept.AuthorizationFilter@4682e0cf]
2026-01-28T22:33:11.553-05:00  INFO 46056 --- [           main] o.s.b.t.m.w.SpringBootMockServletContext : Initializing Spring TestDispatcherServlet ''
2026-01-28T22:33:11.553-05:00  INFO 46056 --- [           main] o.s.t.web.servlet.TestDispatcherServlet  : Initializing Servlet ''
2026-01-28T22:33:11.553-05:00  INFO 46056 --- [           main] o.s.t.web.servlet.TestDispatcherServlet  : Completed initialization in 0 ms
2026-01-28T22:33:11.569-05:00  INFO 46056 --- [           main] n.a.c.SolicitudMedicamentoControllerTest : Started SolicitudMedicamentoControllerTest in 1.438 seconds (process running for 27.001)
2026-01-28T22:33:11.592-05:00  INFO 46056 --- [           main] j.LocalContainerEntityManagerFactoryBean : Closing JPA EntityManagerFactory for persistence unit 'default'
2026-01-28T22:33:11.594-05:00  INFO 46056 --- [           main] com.zaxxer.hikari.HikariDataSource       : HikariPool-9 - Shutdown initiated...
2026-01-28T22:33:11.594-05:00  INFO 46056 --- [           main] com.zaxxer.hikari.HikariDataSource       : HikariPool-9 - Shutdown completed.
]]></system-out>
  </testcase>
  <testcase name="testObtenerSolicitudPorId_NotFound" classname="com.nuevaeps.api.controller.SolicitudMedicamentoControllerTest" time="0.018">
    <system-out><![CDATA[
  .   ____          _            __ _ _
 /\\ / ___'_ __ _ _(_)_ __  __ _ \ \ \ \
( ( )\___ | '_ | '_| | '_ \/ _` | \ \ \ \
 \\/  ___)| |_)| | | | | || (_| |  ) ) ) )
  '  |____| .__|_| |_|_| |_\__, | / / / /
 =========|_|==============|___/=/_/_/_/
 :: Spring Boot ::                (v3.2.1)

2026-01-28T22:33:11.613-05:00  INFO 46056 --- [           main] n.a.c.SolicitudMedicamentoControllerTest : Starting SolicitudMedicamentoControllerTest using Java 25.0.1 with PID 46056 (started by jeoga in C:\Users\jeoga\Documents\NuevaEPS\nuevaeps-backend)
2026-01-28T22:33:11.614-05:00  INFO 46056 --- [           main] n.a.c.SolicitudMedicamentoControllerTest : No active profile set, falling back to 1 default profile: "default"
2026-01-28T22:33:11.811-05:00  INFO 46056 --- [           main] .s.d.r.c.RepositoryConfigurationDelegate : Bootstrapping Spring Data JPA repositories in DEFAULT mode.
2026-01-28T22:33:11.819-05:00  INFO 46056 --- [           main] .s.d.r.c.RepositoryConfigurationDelegate : Finished Spring Data repository scanning in 7 ms. Found 3 JPA repository interfaces.
2026-01-28T22:33:11.891-05:00  INFO 46056 --- [           main] o.hibernate.jpa.internal.util.LogHelper  : HHH000204: Processing PersistenceUnitInfo [name: default]
2026-01-28T22:33:11.894-05:00  INFO 46056 --- [           main] o.h.c.internal.RegionFactoryInitiator    : HHH000026: Second-level cache disabled
2026-01-28T22:33:11.896-05:00  INFO 46056 --- [           main] o.s.o.j.p.SpringPersistenceUnitInfo      : No LoadTimeWeaver setup: ignoring JPA class transformer
2026-01-28T22:33:11.897-05:00  INFO 46056 --- [           main] com.zaxxer.hikari.HikariDataSource       : HikariPool-10 - Starting...
2026-01-28T22:33:11.898-05:00  INFO 46056 --- [           main] com.zaxxer.hikari.pool.HikariPool        : HikariPool-10 - Added connection conn90: url=jdbc:h2:mem:testdb user=SA
2026-01-28T22:33:11.899-05:00  INFO 46056 --- [           main] com.zaxxer.hikari.HikariDataSource       : HikariPool-10 - Start completed.
2026-01-28T22:33:11.899-05:00  WARN 46056 --- [           main] org.hibernate.orm.deprecation            : HHH90000025: H2Dialect does not need to be specified explicitly using 'hibernate.dialect' (remove the property setting and it will be selected by default)
2026-01-28T22:33:11.929-05:00  INFO 46056 --- [           main] o.h.e.t.j.p.i.JtaPlatformInitiator       : HHH000489: No JTA platform available (set 'hibernate.transaction.jta.platform' to enable JTA platform integration)
2026-01-28T22:33:11.932-05:00  INFO 46056 --- [           main] j.LocalContainerEntityManagerFactoryBean : Initialized JPA EntityManagerFactory for persistence unit 'default'
2026-01-28T22:33:12.131-05:00  WARN 46056 --- [           main] JpaBaseConfiguration$JpaWebConfiguration : spring.jpa.open-in-view is enabled by default. Therefore, database queries may be performed during view rendering. Explicitly configure spring.jpa.open-in-view to disable this warning
2026-01-28T22:33:12.591-05:00  INFO 46056 --- [           main] o.s.b.a.e.web.EndpointLinksResolver      : Exposing 1 endpoint(s) beneath base path '/actuator'
2026-01-28T22:33:12.615-05:00  INFO 46056 --- [           main] o.s.s.web.DefaultSecurityFilterChain     : Will secure any request with [org.springframework.security.web.session.DisableEncodeUrlFilter@171ee8fc, org.springframework.security.web.context.request.async.WebAsyncManagerIntegrationFilter@7293aa9d, org.springframework.security.web.context.SecurityContextHolderFilter@6629c70b, org.springframework.security.web.header.HeaderWriterFilter@25bf991d, org.springframework.web.filter.CorsFilter@41a4d270, org.springframework.security.web.authentication.logout.LogoutFilter@64cb8383, com.nuevaeps.api.security.AuthTokenFilter@2084c6e2, org.springframework.security.web.savedrequest.RequestCacheAwareFilter@405acefa, org.springframework.security.web.servletapi.SecurityContextHolderAwareRequestFilter@1df18383, org.springframework.security.web.authentication.AnonymousAuthenticationFilter@2ed0fcf5, org.springframework.security.web.session.SessionManagementFilter@2a3f92b4, org.springframework.security.web.access.ExceptionTranslationFilter@49c88144, org.springframework.security.web.access.intercept.AuthorizationFilter@6db7f88b]
2026-01-28T22:33:12.816-05:00  INFO 46056 --- [           main] o.s.b.t.m.w.SpringBootMockServletContext : Initializing Spring TestDispatcherServlet ''
2026-01-28T22:33:12.816-05:00  INFO 46056 --- [           main] o.s.t.web.servlet.TestDispatcherServlet  : Initializing Servlet ''
2026-01-28T22:33:12.817-05:00  INFO 46056 --- [           main] o.s.t.web.servlet.TestDispatcherServlet  : Completed initialization in 1 ms
2026-01-28T22:33:12.829-05:00  INFO 46056 --- [           main] n.a.c.SolicitudMedicamentoControllerTest : Started SolicitudMedicamentoControllerTest in 1.231 seconds (process running for 28.262)
2026-01-28T22:33:12.847-05:00  INFO 46056 --- [           main] j.LocalContainerEntityManagerFactoryBean : Closing JPA EntityManagerFactory for persistence unit 'default'
2026-01-28T22:33:12.848-05:00  INFO 46056 --- [           main] com.zaxxer.hikari.HikariDataSource       : HikariPool-10 - Shutdown initiated...
2026-01-28T22:33:12.849-05:00  INFO 46056 --- [           main] com.zaxxer.hikari.HikariDataSource       : HikariPool-10 - Shutdown completed.
]]></system-out>
  </testcase>
  <testcase name="testObtenerSolicitudPorId_Success" classname="com.nuevaeps.api.controller.SolicitudMedicamentoControllerTest" time="0.031">
    <system-out><![CDATA[
  .   ____          _            __ _ _
 /\\ / ___'_ __ _ _(_)_ __  __ _ \ \ \ \
( ( )\___ | '_ | '_| | '_ \/ _` | \ \ \ \
 \\/  ___)| |_)| | | | | || (_| |  ) ) ) )
  '  |____| .__|_| |_|_| |_\__, | / / / /
 =========|_|==============|___/=/_/_/_/
 :: Spring Boot ::                (v3.2.1)

2026-01-28T22:33:12.864-05:00  INFO 46056 --- [           main] n.a.c.SolicitudMedicamentoControllerTest : Starting SolicitudMedicamentoControllerTest using Java 25.0.1 with PID 46056 (started by jeoga in C:\Users\jeoga\Documents\NuevaEPS\nuevaeps-backend)
2026-01-28T22:33:12.864-05:00  INFO 46056 --- [           main] n.a.c.SolicitudMedicamentoControllerTest : No active profile set, falling back to 1 default profile: "default"
2026-01-28T22:33:13.020-05:00  INFO 46056 --- [           main] .s.d.r.c.RepositoryConfigurationDelegate : Bootstrapping Spring Data JPA repositories in DEFAULT mode.
2026-01-28T22:33:13.029-05:00  INFO 46056 --- [           main] .s.d.r.c.RepositoryConfigurationDelegate : Finished Spring Data repository scanning in 8 ms. Found 3 JPA repository interfaces.
2026-01-28T22:33:13.118-05:00  INFO 46056 --- [           main] o.hibernate.jpa.internal.util.LogHelper  : HHH000204: Processing PersistenceUnitInfo [name: default]
2026-01-28T22:33:13.120-05:00  INFO 46056 --- [           main] o.h.c.internal.RegionFactoryInitiator    : HHH000026: Second-level cache disabled
2026-01-28T22:33:13.123-05:00  INFO 46056 --- [           main] o.s.o.j.p.SpringPersistenceUnitInfo      : No LoadTimeWeaver setup: ignoring JPA class transformer
2026-01-28T22:33:13.124-05:00  INFO 46056 --- [           main] com.zaxxer.hikari.HikariDataSource       : HikariPool-11 - Starting...
2026-01-28T22:33:13.125-05:00  INFO 46056 --- [           main] com.zaxxer.hikari.pool.HikariPool        : HikariPool-11 - Added connection conn100: url=jdbc:h2:mem:testdb user=SA
2026-01-28T22:33:13.125-05:00  INFO 46056 --- [           main] com.zaxxer.hikari.HikariDataSource       : HikariPool-11 - Start completed.
2026-01-28T22:33:13.126-05:00  WARN 46056 --- [           main] org.hibernate.orm.deprecation            : HHH90000025: H2Dialect does not need to be specified explicitly using 'hibernate.dialect' (remove the property setting and it will be selected by default)
2026-01-28T22:33:13.159-05:00  INFO 46056 --- [           main] o.h.e.t.j.p.i.JtaPlatformInitiator       : HHH000489: No JTA platform available (set 'hibernate.transaction.jta.platform' to enable JTA platform integration)
2026-01-28T22:33:13.164-05:00  INFO 46056 --- [           main] j.LocalContainerEntityManagerFactoryBean : Initialized JPA EntityManagerFactory for persistence unit 'default'
2026-01-28T22:33:13.429-05:00  WARN 46056 --- [           main] JpaBaseConfiguration$JpaWebConfiguration : spring.jpa.open-in-view is enabled by default. Therefore, database queries may be performed during view rendering. Explicitly configure spring.jpa.open-in-view to disable this warning
2026-01-28T22:33:14.050-05:00  INFO 46056 --- [           main] o.s.b.a.e.web.EndpointLinksResolver      : Exposing 1 endpoint(s) beneath base path '/actuator'
2026-01-28T22:33:14.075-05:00  INFO 46056 --- [           main] o.s.s.web.DefaultSecurityFilterChain     : Will secure any request with [org.springframework.security.web.session.DisableEncodeUrlFilter@39bd738b, org.springframework.security.web.context.request.async.WebAsyncManagerIntegrationFilter@1978c926, org.springframework.security.web.context.SecurityContextHolderFilter@2c7d64c1, org.springframework.security.web.header.HeaderWriterFilter@5da96915, org.springframework.web.filter.CorsFilter@18f4f7aa, org.springframework.security.web.authentication.logout.LogoutFilter@63e4a3bd, com.nuevaeps.api.security.AuthTokenFilter@454706f2, org.springframework.security.web.savedrequest.RequestCacheAwareFilter@7b7453e1, org.springframework.security.web.servletapi.SecurityContextHolderAwareRequestFilter@16626abb, org.springframework.security.web.authentication.AnonymousAuthenticationFilter@5d1d7009, org.springframework.security.web.session.SessionManagementFilter@7d3879ed, org.springframework.security.web.access.ExceptionTranslationFilter@3b0c1c05, org.springframework.security.web.access.intercept.AuthorizationFilter@454519b6]
2026-01-28T22:33:14.345-05:00  INFO 46056 --- [           main] o.s.b.t.m.w.SpringBootMockServletContext : Initializing Spring TestDispatcherServlet ''
2026-01-28T22:33:14.345-05:00  INFO 46056 --- [           main] o.s.t.web.servlet.TestDispatcherServlet  : Initializing Servlet ''
2026-01-28T22:33:14.345-05:00  INFO 46056 --- [           main] o.s.t.web.servlet.TestDispatcherServlet  : Completed initialization in 0 ms
2026-01-28T22:33:14.359-05:00  INFO 46056 --- [           main] n.a.c.SolicitudMedicamentoControllerTest : Started SolicitudMedicamentoControllerTest in 1.507 seconds (process running for 29.791)
2026-01-28T22:33:14.390-05:00  INFO 46056 --- [           main] j.LocalContainerEntityManagerFactoryBean : Closing JPA EntityManagerFactory for persistence unit 'default'
2026-01-28T22:33:14.391-05:00  INFO 46056 --- [           main] com.zaxxer.hikari.HikariDataSource       : HikariPool-11 - Shutdown initiated...
2026-01-28T22:33:14.392-05:00  INFO 46056 --- [           main] com.zaxxer.hikari.HikariDataSource       : HikariPool-11 - Shutdown completed.
]]></system-out>
  </testcase>
  <testcase name="testObtenerTodasLasSolicitudes_SinAutenticacion" classname="com.nuevaeps.api.controller.SolicitudMedicamentoControllerTest" time="0.011">
    <system-out><![CDATA[
  .   ____          _            __ _ _
 /\\ / ___'_ __ _ _(_)_ __  __ _ \ \ \ \
( ( )\___ | '_ | '_| | '_ \/ _` | \ \ \ \
 \\/  ___)| |_)| | | | | || (_| |  ) ) ) )
  '  |____| .__|_| |_|_| |_\__, | / / / /
 =========|_|==============|___/=/_/_/_/
 :: Spring Boot ::                (v3.2.1)

2026-01-28T22:33:14.420-05:00  INFO 46056 --- [           main] n.a.c.SolicitudMedicamentoControllerTest : Starting SolicitudMedicamentoControllerTest using Java 25.0.1 with PID 46056 (started by jeoga in C:\Users\jeoga\Documents\NuevaEPS\nuevaeps-backend)
2026-01-28T22:33:14.422-05:00  INFO 46056 --- [           main] n.a.c.SolicitudMedicamentoControllerTest : No active profile set, falling back to 1 default profile: "default"
2026-01-28T22:33:14.628-05:00  INFO 46056 --- [           main] .s.d.r.c.RepositoryConfigurationDelegate : Bootstrapping Spring Data JPA repositories in DEFAULT mode.
2026-01-28T22:33:14.635-05:00  INFO 46056 --- [           main] .s.d.r.c.RepositoryConfigurationDelegate : Finished Spring Data repository scanning in 6 ms. Found 3 JPA repository interfaces.
2026-01-28T22:33:14.720-05:00  INFO 46056 --- [           main] o.hibernate.jpa.internal.util.LogHelper  : HHH000204: Processing PersistenceUnitInfo [name: default]
2026-01-28T22:33:14.722-05:00  INFO 46056 --- [           main] o.h.c.internal.RegionFactoryInitiator    : HHH000026: Second-level cache disabled
2026-01-28T22:33:14.725-05:00  INFO 46056 --- [           main] o.s.o.j.p.SpringPersistenceUnitInfo      : No LoadTimeWeaver setup: ignoring JPA class transformer
2026-01-28T22:33:14.725-05:00  INFO 46056 --- [           main] com.zaxxer.hikari.HikariDataSource       : HikariPool-12 - Starting...
2026-01-28T22:33:14.727-05:00  INFO 46056 --- [           main] com.zaxxer.hikari.pool.HikariPool        : HikariPool-12 - Added connection conn110: url=jdbc:h2:mem:testdb user=SA
2026-01-28T22:33:14.727-05:00  INFO 46056 --- [           main] com.zaxxer.hikari.HikariDataSource       : HikariPool-12 - Start completed.
2026-01-28T22:33:14.727-05:00  WARN 46056 --- [           main] org.hibernate.orm.deprecation            : HHH90000025: H2Dialect does not need to be specified explicitly using 'hibernate.dialect' (remove the property setting and it will be selected by default)
2026-01-28T22:33:14.756-05:00  INFO 46056 --- [           main] o.h.e.t.j.p.i.JtaPlatformInitiator       : HHH000489: No JTA platform available (set 'hibernate.transaction.jta.platform' to enable JTA platform integration)
2026-01-28T22:33:14.759-05:00  INFO 46056 --- [           main] j.LocalContainerEntityManagerFactoryBean : Initialized JPA EntityManagerFactory for persistence unit 'default'
2026-01-28T22:33:14.893-05:00  WARN 46056 --- [           main] JpaBaseConfiguration$JpaWebConfiguration : spring.jpa.open-in-view is enabled by default. Therefore, database queries may be performed during view rendering. Explicitly configure spring.jpa.open-in-view to disable this warning
2026-01-28T22:33:15.344-05:00  INFO 46056 --- [           main] o.s.b.a.e.web.EndpointLinksResolver      : Exposing 1 endpoint(s) beneath base path '/actuator'
2026-01-28T22:33:15.381-05:00  INFO 46056 --- [           main] o.s.s.web.DefaultSecurityFilterChain     : Will secure any request with [org.springframework.security.web.session.DisableEncodeUrlFilter@a133858, org.springframework.security.web.context.request.async.WebAsyncManagerIntegrationFilter@60fc6e9e, org.springframework.security.web.context.SecurityContextHolderFilter@7977246, org.springframework.security.web.header.HeaderWriterFilter@55d433d4, org.springframework.web.filter.CorsFilter@304d3b37, org.springframework.security.web.authentication.logout.LogoutFilter@132db3a3, com.nuevaeps.api.security.AuthTokenFilter@9ee6fd1, org.springframework.security.web.savedrequest.RequestCacheAwareFilter@6abd8a99, org.springframework.security.web.servletapi.SecurityContextHolderAwareRequestFilter@1f1e8fda, org.springframework.security.web.authentication.AnonymousAuthenticationFilter@5664db4e, org.springframework.security.web.session.SessionManagementFilter@25e2958d, org.springframework.security.web.access.ExceptionTranslationFilter@48b3b9dd, org.springframework.security.web.access.intercept.AuthorizationFilter@597941d2]
2026-01-28T22:33:15.643-05:00  INFO 46056 --- [           main] o.s.b.t.m.w.SpringBootMockServletContext : Initializing Spring TestDispatcherServlet ''
2026-01-28T22:33:15.643-05:00  INFO 46056 --- [           main] o.s.t.web.servlet.TestDispatcherServlet  : Initializing Servlet ''
2026-01-28T22:33:15.644-05:00  INFO 46056 --- [           main] o.s.t.web.servlet.TestDispatcherServlet  : Completed initialization in 1 ms
2026-01-28T22:33:15.657-05:00  INFO 46056 --- [           main] n.a.c.SolicitudMedicamentoControllerTest : Started SolicitudMedicamentoControllerTest in 1.262 seconds (process running for 31.089)
2026-01-28T22:33:15.666-05:00  INFO 46056 --- [           main] j.LocalContainerEntityManagerFactoryBean : Closing JPA EntityManagerFactory for persistence unit 'default'
2026-01-28T22:33:15.667-05:00  INFO 46056 --- [           main] com.zaxxer.hikari.HikariDataSource       : HikariPool-12 - Shutdown initiated...
2026-01-28T22:33:15.668-05:00  INFO 46056 --- [           main] com.zaxxer.hikari.HikariDataSource       : HikariPool-12 - Shutdown completed.
]]></system-out>
  </testcase>
  <testcase name="testObtenerTodasLasSolicitudes_Success" classname="com.nuevaeps.api.controller.SolicitudMedicamentoControllerTest" time="0.031">
    <system-out><![CDATA[
  .   ____          _            __ _ _
 /\\ / ___'_ __ _ _(_)_ __  __ _ \ \ \ \
( ( )\___ | '_ | '_| | '_ \/ _` | \ \ \ \
 \\/  ___)| |_)| | | | | || (_| |  ) ) ) )
  '  |____| .__|_| |_|_| |_\__, | / / / /
 =========|_|==============|___/=/_/_/_/
 :: Spring Boot ::                (v3.2.1)

2026-01-28T22:33:15.685-05:00  INFO 46056 --- [           main] n.a.c.SolicitudMedicamentoControllerTest : Starting SolicitudMedicamentoControllerTest using Java 25.0.1 with PID 46056 (started by jeoga in C:\Users\jeoga\Documents\NuevaEPS\nuevaeps-backend)
2026-01-28T22:33:15.685-05:00  INFO 46056 --- [           main] n.a.c.SolicitudMedicamentoControllerTest : No active profile set, falling back to 1 default profile: "default"
2026-01-28T22:33:15.972-05:00  INFO 46056 --- [           main] .s.d.r.c.RepositoryConfigurationDelegate : Bootstrapping Spring Data JPA repositories in DEFAULT mode.
2026-01-28T22:33:15.985-05:00  INFO 46056 --- [           main] .s.d.r.c.RepositoryConfigurationDelegate : Finished Spring Data repository scanning in 11 ms. Found 3 JPA repository interfaces.
2026-01-28T22:33:16.120-05:00  INFO 46056 --- [           main] o.hibernate.jpa.internal.util.LogHelper  : HHH000204: Processing PersistenceUnitInfo [name: default]
2026-01-28T22:33:16.122-05:00  INFO 46056 --- [           main] o.h.c.internal.RegionFactoryInitiator    : HHH000026: Second-level cache disabled
2026-01-28T22:33:16.127-05:00  INFO 46056 --- [           main] o.s.o.j.p.SpringPersistenceUnitInfo      : No LoadTimeWeaver setup: ignoring JPA class transformer
2026-01-28T22:33:16.129-05:00  INFO 46056 --- [           main] com.zaxxer.hikari.HikariDataSource       : HikariPool-13 - Starting...
2026-01-28T22:33:16.131-05:00  INFO 46056 --- [           main] com.zaxxer.hikari.pool.HikariPool        : HikariPool-13 - Added connection conn120: url=jdbc:h2:mem:testdb user=SA
2026-01-28T22:33:16.131-05:00  INFO 46056 --- [           main] com.zaxxer.hikari.HikariDataSource       : HikariPool-13 - Start completed.
2026-01-28T22:33:16.131-05:00  WARN 46056 --- [           main] org.hibernate.orm.deprecation            : HHH90000025: H2Dialect does not need to be specified explicitly using 'hibernate.dialect' (remove the property setting and it will be selected by default)
2026-01-28T22:33:16.159-05:00  INFO 46056 --- [           main] o.h.e.t.j.p.i.JtaPlatformInitiator       : HHH000489: No JTA platform available (set 'hibernate.transaction.jta.platform' to enable JTA platform integration)
2026-01-28T22:33:16.165-05:00  INFO 46056 --- [           main] j.LocalContainerEntityManagerFactoryBean : Initialized JPA EntityManagerFactory for persistence unit 'default'
2026-01-28T22:33:16.410-05:00  WARN 46056 --- [           main] JpaBaseConfiguration$JpaWebConfiguration : spring.jpa.open-in-view is enabled by default. Therefore, database queries may be performed during view rendering. Explicitly configure spring.jpa.open-in-view to disable this warning
2026-01-28T22:33:16.903-05:00  INFO 46056 --- [           main] o.s.b.a.e.web.EndpointLinksResolver      : Exposing 1 endpoint(s) beneath base path '/actuator'
2026-01-28T22:33:16.928-05:00  INFO 46056 --- [           main] o.s.s.web.DefaultSecurityFilterChain     : Will secure any request with [org.springframework.security.web.session.DisableEncodeUrlFilter@1633c70, org.springframework.security.web.context.request.async.WebAsyncManagerIntegrationFilter@40f8207c, org.springframework.security.web.context.SecurityContextHolderFilter@9201d97, org.springframework.security.web.header.HeaderWriterFilter@9b2910a, org.springframework.web.filter.CorsFilter@2664c5fc, org.springframework.security.web.authentication.logout.LogoutFilter@caebcf7, com.nuevaeps.api.security.AuthTokenFilter@57cf0f36, org.springframework.security.web.savedrequest.RequestCacheAwareFilter@7b4783c3, org.springframework.security.web.servletapi.SecurityContextHolderAwareRequestFilter@2d988dd1, org.springframework.security.web.authentication.AnonymousAuthenticationFilter@6d30b585, org.springframework.security.web.session.SessionManagementFilter@b24d7d5, org.springframework.security.web.access.ExceptionTranslationFilter@53575ac9, org.springframework.security.web.access.intercept.AuthorizationFilter@1200328c]
2026-01-28T22:33:17.126-05:00  INFO 46056 --- [           main] o.s.b.t.m.w.SpringBootMockServletContext : Initializing Spring TestDispatcherServlet ''
2026-01-28T22:33:17.126-05:00  INFO 46056 --- [           main] o.s.t.web.servlet.TestDispatcherServlet  : Initializing Servlet ''
2026-01-28T22:33:17.127-05:00  INFO 46056 --- [           main] o.s.t.web.servlet.TestDispatcherServlet  : Completed initialization in 1 ms
2026-01-28T22:33:17.138-05:00  INFO 46056 --- [           main] n.a.c.SolicitudMedicamentoControllerTest : Started SolicitudMedicamentoControllerTest in 1.468 seconds (process running for 32.571)
2026-01-28T22:33:17.153-05:00  INFO 46056 --- [           main] j.LocalContainerEntityManagerFactoryBean : Closing JPA EntityManagerFactory for persistence unit 'default'
2026-01-28T22:33:17.154-05:00  INFO 46056 --- [           main] com.zaxxer.hikari.HikariDataSource       : HikariPool-13 - Shutdown initiated...
2026-01-28T22:33:17.170-05:00  INFO 46056 --- [           main] com.zaxxer.hikari.HikariDataSource       : HikariPool-13 - Shutdown completed.
]]></system-out>
  </testcase>
  <testcase name="testObtenerSolicitudesPorUsuario_Success" classname="com.nuevaeps.api.controller.SolicitudMedicamentoControllerTest" time="0.016">
    <system-out><![CDATA[
  .   ____          _            __ _ _
 /\\ / ___'_ __ _ _(_)_ __  __ _ \ \ \ \
( ( )\___ | '_ | '_| | '_ \/ _` | \ \ \ \
 \\/  ___)| |_)| | | | | || (_| |  ) ) ) )
  '  |____| .__|_| |_|_| |_\__, | / / / /
 =========|_|==============|___/=/_/_/_/
 :: Spring Boot ::                (v3.2.1)

2026-01-28T22:33:17.187-05:00  INFO 46056 --- [           main] n.a.c.SolicitudMedicamentoControllerTest : Starting SolicitudMedicamentoControllerTest using Java 25.0.1 with PID 46056 (started by jeoga in C:\Users\jeoga\Documents\NuevaEPS\nuevaeps-backend)
2026-01-28T22:33:17.187-05:00  INFO 46056 --- [           main] n.a.c.SolicitudMedicamentoControllerTest : No active profile set, falling back to 1 default profile: "default"
2026-01-28T22:33:17.341-05:00  INFO 46056 --- [           main] .s.d.r.c.RepositoryConfigurationDelegate : Bootstrapping Spring Data JPA repositories in DEFAULT mode.
2026-01-28T22:33:17.348-05:00  INFO 46056 --- [           main] .s.d.r.c.RepositoryConfigurationDelegate : Finished Spring Data repository scanning in 6 ms. Found 3 JPA repository interfaces.
2026-01-28T22:33:17.413-05:00  INFO 46056 --- [           main] o.hibernate.jpa.internal.util.LogHelper  : HHH000204: Processing PersistenceUnitInfo [name: default]
2026-01-28T22:33:17.415-05:00  INFO 46056 --- [           main] o.h.c.internal.RegionFactoryInitiator    : HHH000026: Second-level cache disabled
2026-01-28T22:33:17.419-05:00  INFO 46056 --- [           main] o.s.o.j.p.SpringPersistenceUnitInfo      : No LoadTimeWeaver setup: ignoring JPA class transformer
2026-01-28T22:33:17.419-05:00  INFO 46056 --- [           main] com.zaxxer.hikari.HikariDataSource       : HikariPool-14 - Starting...
2026-01-28T22:33:17.421-05:00  INFO 46056 --- [           main] com.zaxxer.hikari.pool.HikariPool        : HikariPool-14 - Added connection conn130: url=jdbc:h2:mem:testdb user=SA
2026-01-28T22:33:17.421-05:00  INFO 46056 --- [           main] com.zaxxer.hikari.HikariDataSource       : HikariPool-14 - Start completed.
2026-01-28T22:33:17.421-05:00  WARN 46056 --- [           main] org.hibernate.orm.deprecation            : HHH90000025: H2Dialect does not need to be specified explicitly using 'hibernate.dialect' (remove the property setting and it will be selected by default)
2026-01-28T22:33:17.446-05:00  INFO 46056 --- [           main] o.h.e.t.j.p.i.JtaPlatformInitiator       : HHH000489: No JTA platform available (set 'hibernate.transaction.jta.platform' to enable JTA platform integration)
2026-01-28T22:33:17.450-05:00  INFO 46056 --- [           main] j.LocalContainerEntityManagerFactoryBean : Initialized JPA EntityManagerFactory for persistence unit 'default'
2026-01-28T22:33:17.586-05:00  WARN 46056 --- [           main] JpaBaseConfiguration$JpaWebConfiguration : spring.jpa.open-in-view is enabled by default. Therefore, database queries may be performed during view rendering. Explicitly configure spring.jpa.open-in-view to disable this warning
2026-01-28T22:33:18.147-05:00  INFO 46056 --- [           main] o.s.b.a.e.web.EndpointLinksResolver      : Exposing 1 endpoint(s) beneath base path '/actuator'
2026-01-28T22:33:18.173-05:00  INFO 46056 --- [           main] o.s.s.web.DefaultSecurityFilterChain     : Will secure any request with [org.springframework.security.web.session.DisableEncodeUrlFilter@3654aa30, org.springframework.security.web.context.request.async.WebAsyncManagerIntegrationFilter@454fd1a9, org.springframework.security.web.context.SecurityContextHolderFilter@7e05c308, org.springframework.security.web.header.HeaderWriterFilter@594119fe, org.springframework.web.filter.CorsFilter@1cfa6625, org.springframework.security.web.authentication.logout.LogoutFilter@338a2e4f, com.nuevaeps.api.security.AuthTokenFilter@5d74ee, org.springframework.security.web.savedrequest.RequestCacheAwareFilter@11941b73, org.springframework.security.web.servletapi.SecurityContextHolderAwareRequestFilter@3c1b94c3, org.springframework.security.web.authentication.AnonymousAuthenticationFilter@2c5b3c2f, org.springframework.security.web.session.SessionManagementFilter@56bcb00b, org.springframework.security.web.access.ExceptionTranslationFilter@7d140556, org.springframework.security.web.access.intercept.AuthorizationFilter@144bfc81]
2026-01-28T22:33:18.396-05:00  INFO 46056 --- [           main] o.s.b.t.m.w.SpringBootMockServletContext : Initializing Spring TestDispatcherServlet ''
2026-01-28T22:33:18.396-05:00  INFO 46056 --- [           main] o.s.t.web.servlet.TestDispatcherServlet  : Initializing Servlet ''
2026-01-28T22:33:18.396-05:00  INFO 46056 --- [           main] o.s.t.web.servlet.TestDispatcherServlet  : Completed initialization in 0 ms
2026-01-28T22:33:18.413-05:00  INFO 46056 --- [           main] n.a.c.SolicitudMedicamentoControllerTest : Started SolicitudMedicamentoControllerTest in 1.241 seconds (process running for 33.846)
2026-01-28T22:33:18.430-05:00  INFO 46056 --- [           main] j.LocalContainerEntityManagerFactoryBean : Closing JPA EntityManagerFactory for persistence unit 'default'
2026-01-28T22:33:18.431-05:00  INFO 46056 --- [           main] com.zaxxer.hikari.HikariDataSource       : HikariPool-14 - Shutdown initiated...
2026-01-28T22:33:18.432-05:00  INFO 46056 --- [           main] com.zaxxer.hikari.HikariDataSource       : HikariPool-14 - Shutdown completed.
]]></system-out>
  </testcase>
</testsuite>