<?xml version="1.0" encoding="UTF-8"?>
<testsuite xmlns:xsi="http://www.w3.org/2001/XMLSchema-instance" xsi:noNamespaceSchemaLocation="https://maven.apache.org/surefire/maven-surefire-plugin/xsd/surefire-test-report-3.0.xsd" version="3.0" name="com.nuevaeps.api.controller.SolicitudMedicamentoControllerTest" time="9.175" tests="7" errors="0" skipped="0" failures="0">
  <properties>
[...]
</properties>
  <testcase name="testObtenerSolicitudesPorMedicamento_Success" classname="com.nuevaeps.api.controller.SolicitudMedicamentoControllerTest" time="0.02">
    <system-out><![CDATA[2026-01-28T22:55:30.759-05:00  INFO 11152 --- [           main] t.c.s.AnnotationConfigContextLoaderUtils : Could not detect default configuration classes for test class [com.nuevaeps.api.controller.SolicitudMedicamentoControllerTest]: SolicitudMedicamentoControllerTest does not declare any static, non-private, non-final, nested classes annotated with @Configuration.
2026-01-28T22:55:30.763-05:00  INFO 11152 --- [           main] .b.t.c.SpringBootTestContextBootstrapper : Found @SpringBootConfiguration com.nuevaeps.api.NuevaepsApiApplication for test class com.nuevaeps.api.controller.SolicitudMedicamentoControllerTest

  .   ____          _            __ _ _
 /\\ / ___'_ __ _ _(_)_ __  __ _ \ \ \ \
( ( )\___ | '_ | '_| | '_ \/ _` | \ \ \ \
 \\/  ___)| |_)| | | | | || (_| |  ) ) ) )
  '  |____| .__|_| |_|_| |_\__, | / / / /
 =========|_|==============|___/=/_/_/_/
 :: Spring Boot ::                (v3.2.1)

2026-01-28T22:55:30.782-05:00  INFO 11152 --- [           main] n.a.c.SolicitudMedicamentoControllerTest : Starting SolicitudMedicamentoControllerTest using Java 25.0.1 with PID 11152 (started by jeoga in C:\Users\jeoga\Documents\NuevaEPS\nuevaeps-backend)
2026-01-28T22:55:30.782-05:00  INFO 11152 --- [           main] n.a.c.SolicitudMedicamentoControllerTest : No active profile set, falling back to 1 default profile: "default"
2026-01-28T22:55:30.958-05:00  INFO 11152 --- [           main] .s.d.r.c.RepositoryConfigurationDelegate : Bootstrapping Spring Data JPA repositories in DEFAULT mode.
2026-01-28T22:55:30.967-05:00  INFO 11152 --- [           main] .s.d.r.c.RepositoryConfigurationDelegate : Finished Spring Data repository scanning in 8 ms. Found 3 JPA repository interfaces.
2026-01-28T22:55:31.052-05:00  INFO 11152 --- [           main] o.hibernate.jpa.internal.util.LogHelper  : HHH000204: Processing PersistenceUnitInfo [name: default]
2026-01-28T22:55:31.055-05:00  INFO 11152 --- [           main] o.h.c.internal.RegionFactoryInitiator    : HHH000026: Second-level cache disabled
2026-01-28T22:55:31.058-05:00  INFO 11152 --- [           main] o.s.o.j.p.SpringPersistenceUnitInfo      : No LoadTimeWeaver setup: ignoring JPA class transformer
2026-01-28T22:55:31.059-05:00  INFO 11152 --- [           main] com.zaxxer.hikari.HikariDataSource       : HikariPool-8 - Starting...
2026-01-28T22:55:31.060-05:00  INFO 11152 --- [           main] com.zaxxer.hikari.pool.HikariPool        : HikariPool-8 - Added connection conn70: url=jdbc:h2:mem:testdb user=SA
2026-01-28T22:55:31.060-05:00  INFO 11152 --- [           main] com.zaxxer.hikari.HikariDataSource       : HikariPool-8 - Start completed.
2026-01-28T22:55:31.060-05:00  WARN 11152 --- [           main] org.hibernate.orm.deprecation            : HHH90000025: H2Dialect does not need to be specified explicitly using 'hibernate.dialect' (remove the property setting and it will be selected by default)
2026-01-28T22:55:31.093-05:00  INFO 11152 --- [           main] o.h.e.t.j.p.i.JtaPlatformInitiator       : HHH000489: No JTA platform available (set 'hibernate.transaction.jta.platform' to enable JTA platform integration)
2026-01-28T22:55:31.098-05:00  INFO 11152 --- [           main] j.LocalContainerEntityManagerFactoryBean : Initialized JPA EntityManagerFactory for persistence unit 'default'
2026-01-28T22:55:31.231-05:00  WARN 11152 --- [           main] JpaBaseConfiguration$JpaWebConfiguration : spring.jpa.open-in-view is enabled by default. Therefore, database queries may be performed during view rendering. Explicitly configure spring.jpa.open-in-view to disable this warning
2026-01-28T22:55:31.959-05:00  INFO 11152 --- [           main] o.s.b.a.e.web.EndpointLinksResolver      : Exposing 1 endpoint(s) beneath base path '/actuator'
2026-01-28T22:55:31.988-05:00  INFO 11152 --- [           main] o.s.s.web.DefaultSecurityFilterChain     : Will secure any request with [org.springframework.security.web.session.DisableEncodeUrlFilter@5b64d32c, org.springframework.security.web.context.request.async.WebAsyncManagerIntegrationFilter@22a83da, org.springframework.security.web.context.SecurityContextHolderFilter@1c2b9948, org.springframework.security.web.header.HeaderWriterFilter@14c42273, org.springframework.web.filter.CorsFilter@38749d9a, org.springframework.security.web.authentication.logout.LogoutFilter@27f89d3b, com.nuevaeps.api.security.AuthTokenFilter@55593de5, org.springframework.security.web.savedrequest.RequestCacheAwareFilter@2de6cd55, org.springframework.security.web.servletapi.SecurityContextHolderAwareRequestFilter@12bef203, org.springframework.security.web.authentication.AnonymousAuthenticationFilter@50d2850b, org.springframework.security.web.session.SessionManagementFilter@ce86a47, org.springframework.security.web.access.ExceptionTranslationFilter@2ab652b1, org.springframework.security.web.access.intercept.AuthorizationFilter@49844b14]
2026-01-28T22:55:32.221-05:00  INFO 11152 --- [           main] o.s.b.t.m.w.SpringBootMockServletContext : Initializing Spring TestDispatcherServlet ''
2026-01-28T22:55:32.221-05:00  INFO 11152 --- [           main] o.s.t.web.servlet.TestDispatcherServlet  : Initializing Servlet ''
2026-01-28T22:55:32.221-05:00  INFO 11152 --- [           main] o.s.t.web.servlet.TestDispatcherServlet  : Completed initialization in 0 ms
2026-01-28T22:55:32.236-05:00  INFO 11152 --- [           main] n.a.c.SolicitudMedicamentoControllerTest : Started SolicitudMedicamentoControllerTest in 1.47 seconds (process running for 25.532)
2026-01-28T22:55:32.256-05:00  INFO 11152 --- [           main] j.LocalContainerEntityManagerFactoryBean : Closing JPA EntityManagerFactory for persistence unit 'default'
2026-01-28T22:55:32.257-05:00  INFO 11152 --- [           main] com.zaxxer.hikari.HikariDataSource       : HikariPool-8 - Shutdown initiated...
2026-01-28T22:55:32.258-05:00  INFO 11152 --- [           main] com.zaxxer.hikari.HikariDataSource       : HikariPool-8 - Shutdown completed.
]]></system-out>
  </testcase>
  <testcase name="testCrearSolicitud_Success" classname="com.nuevaeps.api.controller.SolicitudMedicamentoControllerTest" time="0.024">
    <system-out><![CDATA[
  .   ____          _            __ _ _
 /\\ / ___'_ __ _ _(_)_ __  __ _ \ \ \ \
( ( )\___ | '_ | '_| | '_ \/ _` | \ \ \ \
 \\/  ___)| |_)| | | | | || (_| |  ) ) ) )
  '  |____| .__|_| |_|_| |_\__, | / / / /
 =========|_|==============|___/=/_/_/_/
 :: Spring Boot ::                (v3.2.1)

2026-01-28T22:55:32.272-05:00  INFO 11152 --- [           main] n.a.c.SolicitudMedicamentoControllerTest : Starting SolicitudMedicamentoControllerTest using Java 25.0.1 with PID 11152 (started by jeoga in C:\Users\jeoga\Documents\NuevaEPS\nuevaeps-backend)
2026-01-28T22:55:32.272-05:00  INFO 11152 --- [           main] n.a.c.SolicitudMedicamentoControllerTest : No active profile set, falling back to 1 default profile: "default"
2026-01-28T22:55:32.530-05:00  INFO 11152 --- [           main] .s.d.r.c.RepositoryConfigurationDelegate : Bootstrapping Spring Data JPA repositories in DEFAULT mode.
2026-01-28T22:55:32.539-05:00  INFO 11152 --- [           main] .s.d.r.c.RepositoryConfigurationDelegate : Finished Spring Data repository scanning in 9 ms. Found 3 JPA repository interfaces.
2026-01-28T22:55:32.644-05:00  INFO 11152 --- [           main] o.hibernate.jpa.internal.util.LogHelper  : HHH000204: Processing PersistenceUnitInfo [name: default]
2026-01-28T22:55:32.648-05:00  INFO 11152 --- [           main] o.h.c.internal.RegionFactoryInitiator    : HHH000026: Second-level cache disabled
2026-01-28T22:55:32.650-05:00  INFO 11152 --- [           main] o.s.o.j.p.SpringPersistenceUnitInfo      : No LoadTimeWeaver setup: ignoring JPA class transformer
2026-01-28T22:55:32.651-05:00  INFO 11152 --- [           main] com.zaxxer.hikari.HikariDataSource       : HikariPool-9 - Starting...
2026-01-28T22:55:32.652-05:00  INFO 11152 --- [           main] com.zaxxer.hikari.pool.HikariPool        : HikariPool-9 - Added connection conn80: url=jdbc:h2:mem:testdb user=SA
2026-01-28T22:55:32.652-05:00  INFO 11152 --- [           main] com.zaxxer.hikari.HikariDataSource       : HikariPool-9 - Start completed.
2026-01-28T22:55:32.653-05:00  WARN 11152 --- [           main] org.hibernate.orm.deprecation            : HHH90000025: H2Dialect does not need to be specified explicitly using 'hibernate.dialect' (remove the property setting and it will be selected by default)
2026-01-28T22:55:32.679-05:00  INFO 11152 --- [           main] o.h.e.t.j.p.i.JtaPlatformInitiator       : HHH000489: No JTA platform available (set 'hibernate.transaction.jta.platform' to enable JTA platform integration)
2026-01-28T22:55:32.684-05:00  INFO 11152 --- [           main] j.LocalContainerEntityManagerFactoryBean : Initialized JPA EntityManagerFactory for persistence unit 'default'
2026-01-28T22:55:32.819-05:00  WARN 11152 --- [           main] JpaBaseConfiguration$JpaWebConfiguration : spring.jpa.open-in-view is enabled by default. Therefore, database queries may be performed during view rendering. Explicitly configure spring.jpa.open-in-view to disable this warning
2026-01-28T22:55:33.265-05:00  INFO 11152 --- [           main] o.s.b.a.e.web.EndpointLinksResolver      : Exposing 1 endpoint(s) beneath base path '/actuator'
2026-01-28T22:55:33.293-05:00  INFO 11152 --- [           main] o.s.s.web.DefaultSecurityFilterChain     : Will secure any request with [org.springframework.security.web.session.DisableEncodeUrlFilter@479473f, org.springframework.security.web.context.request.async.WebAsyncManagerIntegrationFilter@2a3950f0, org.springframework.security.web.context.SecurityContextHolderFilter@1cb3ef9c, org.springframework.security.web.header.HeaderWriterFilter@56a35d92, org.springframework.web.filter.CorsFilter@bb3fec5, org.springframework.security.web.authentication.logout.LogoutFilter@79ce971e, com.nuevaeps.api.security.AuthTokenFilter@703a305, org.springframework.security.web.savedrequest.RequestCacheAwareFilter@1216f63c, org.springframework.security.web.servletapi.SecurityContextHolderAwareRequestFilter@15882e7e, org.springframework.security.web.authentication.AnonymousAuthenticationFilter@7a37901f, org.springframework.security.web.session.SessionManagementFilter@757a537a, org.springframework.security.web.access.ExceptionTranslationFilter@f8cd77, org.springframework.security.web.access.intercept.AuthorizationFilter@2c67f6e]
2026-01-28T22:55:33.574-05:00  INFO 11152 --- [           main] o.s.b.t.m.w.SpringBootMockServletContext : Initializing Spring TestDispatcherServlet ''
2026-01-28T22:55:33.574-05:00  INFO 11152 --- [           main] o.s.t.web.servlet.TestDispatcherServlet  : Initializing Servlet ''
2026-01-28T22:55:33.575-05:00  INFO 11152 --- [           main] o.s.t.web.servlet.TestDispatcherServlet  : Completed initialization in 1 ms
2026-01-28T22:55:33.588-05:00  INFO 11152 --- [           main] n.a.c.SolicitudMedicamentoControllerTest : Started SolicitudMedicamentoControllerTest in 1.328 seconds (process running for 26.884)
2026-01-28T22:55:33.612-05:00  INFO 11152 --- [           main] j.LocalContainerEntityManagerFactoryBean : Closing JPA EntityManagerFactory for persistence unit 'default'
2026-01-28T22:55:33.613-05:00  INFO 11152 --- [           main] com.zaxxer.hikari.HikariDataSource       : HikariPool-9 - Shutdown initiated...
2026-01-28T22:55:33.614-05:00  INFO 11152 --- [           main] com.zaxxer.hikari.HikariDataSource       : HikariPool-9 - Shutdown completed.
]]></system-out>
  </testcase>
  <testcase name="testObtenerSolicitudPorId_NotFound" classname="com.nuevaeps.api.controller.SolicitudMedicamentoControllerTest" time="0.023">
    <system-out><![CDATA[
  .   ____          _            __ _ _
 /\\ / ___'_ __ _ _(_)_ __  __ _ \ \ \ \
( ( )\___ | '_ | '_| | '_ \/ _` | \ \ \ \
 \\/  ___)| |_)| | | | | || (_| |  ) ) ) )
  '  |____| .__|_| |_|_| |_\__, | / / / /
 =========|_|==============|___/=/_/_/_/
 :: Spring Boot ::                (v3.2.1)

2026-01-28T22:55:33.629-05:00  INFO 11152 --- [           main] n.a.c.SolicitudMedicamentoControllerTest : Starting SolicitudMedicamentoControllerTest using Java 25.0.1 with PID 11152 (started by jeoga in C:\Users\jeoga\Documents\NuevaEPS\nuevaeps-backend)
2026-01-28T22:55:33.629-05:00  INFO 11152 --- [           main] n.a.c.SolicitudMedicamentoControllerTest : No active profile set, falling back to 1 default profile: "default"
2026-01-28T22:55:33.811-05:00  INFO 11152 --- [           main] .s.d.r.c.RepositoryConfigurationDelegate : Bootstrapping Spring Data JPA repositories in DEFAULT mode.
2026-01-28T22:55:33.818-05:00  INFO 11152 --- [           main] .s.d.r.c.RepositoryConfigurationDelegate : Finished Spring Data repository scanning in 7 ms. Found 3 JPA repository interfaces.
2026-01-28T22:55:33.910-05:00  INFO 11152 --- [           main] o.hibernate.jpa.internal.util.LogHelper  : HHH000204: Processing PersistenceUnitInfo [name: default]
2026-01-28T22:55:33.913-05:00  INFO 11152 --- [           main] o.h.c.internal.RegionFactoryInitiator    : HHH000026: Second-level cache disabled
2026-01-28T22:55:33.916-05:00  INFO 11152 --- [           main] o.s.o.j.p.SpringPersistenceUnitInfo      : No LoadTimeWeaver setup: ignoring JPA class transformer
2026-01-28T22:55:33.917-05:00  INFO 11152 --- [           main] com.zaxxer.hikari.HikariDataSource       : HikariPool-10 - Starting...
2026-01-28T22:55:33.918-05:00  INFO 11152 --- [           main] com.zaxxer.hikari.pool.HikariPool        : HikariPool-10 - Added connection conn90: url=jdbc:h2:mem:testdb user=SA
2026-01-28T22:55:33.918-05:00  INFO 11152 --- [           main] com.zaxxer.hikari.HikariDataSource       : HikariPool-10 - Start completed.
2026-01-28T22:55:33.919-05:00  WARN 11152 --- [           main] org.hibernate.orm.deprecation            : HHH90000025: H2Dialect does not need to be specified explicitly using 'hibernate.dialect' (remove the property setting and it will be selected by default)
2026-01-28T22:55:33.948-05:00  INFO 11152 --- [           main] o.h.e.t.j.p.i.JtaPlatformInitiator       : HHH000489: No JTA platform available (set 'hibernate.transaction.jta.platform' to enable JTA platform integration)
2026-01-28T22:55:33.952-05:00  INFO 11152 --- [           main] j.LocalContainerEntityManagerFactoryBean : Initialized JPA EntityManagerFactory for persistence unit 'default'
2026-01-28T22:55:34.087-05:00  WARN 11152 --- [           main] JpaBaseConfiguration$JpaWebConfiguration : spring.jpa.open-in-view is enabled by default. Therefore, database queries may be performed during view rendering. Explicitly configure spring.jpa.open-in-view to disable this warning
2026-01-28T22:55:34.603-05:00  INFO 11152 --- [           main] o.s.b.a.e.web.EndpointLinksResolver      : Exposing 1 endpoint(s) beneath base path '/actuator'
2026-01-28T22:55:34.629-05:00  INFO 11152 --- [           main] o.s.s.web.DefaultSecurityFilterChain     : Will secure any request with [org.springframework.security.web.session.DisableEncodeUrlFilter@8d107bd, org.springframework.security.web.context.request.async.WebAsyncManagerIntegrationFilter@1db7c5de, org.springframework.security.web.context.SecurityContextHolderFilter@42915954, org.springframework.security.web.header.HeaderWriterFilter@35fa8b9b, org.springframework.web.filter.CorsFilter@6ad5458b, org.springframework.security.web.authentication.logout.LogoutFilter@667f652a, com.nuevaeps.api.security.AuthTokenFilter@3e833a1f, org.springframework.security.web.savedrequest.RequestCacheAwareFilter@4f9ca461, org.springframework.security.web.servletapi.SecurityContextHolderAwareRequestFilter@26ee668, org.springframework.security.web.authentication.AnonymousAuthenticationFilter@4570d6f8, org.springframework.security.web.session.SessionManagementFilter@66189be6, org.springframework.security.web.access.ExceptionTranslationFilter@712cc3f9, org.springframework.security.web.access.intercept.AuthorizationFilter@10f45965]
2026-01-28T22:55:34.836-05:00  INFO 11152 --- [           main] o.s.b.t.m.w.SpringBootMockServletContext : Initializing Spring TestDispatcherServlet ''
2026-01-28T22:55:34.836-05:00  INFO 11152 --- [           main] o.s.t.web.servlet.TestDispatcherServlet  : Initializing Servlet ''
2026-01-28T22:55:34.837-05:00  INFO 11152 --- [           main] o.s.t.web.servlet.TestDispatcherServlet  : Completed initialization in 1 ms
2026-01-28T22:55:34.859-05:00  INFO 11152 --- [           main] n.a.c.SolicitudMedicamentoControllerTest : Started SolicitudMedicamentoControllerTest in 1.243 seconds (process running for 28.155)
2026-01-28T22:55:34.880-05:00  INFO 11152 --- [           main] j.LocalContainerEntityManagerFactoryBean : Closing JPA EntityManagerFactory for persistence unit 'default'
2026-01-28T22:55:34.882-05:00  INFO 11152 --- [           main] com.zaxxer.hikari.HikariDataSource       : HikariPool-10 - Shutdown initiated...
2026-01-28T22:55:34.883-05:00  INFO 11152 --- [           main] com.zaxxer.hikari.HikariDataSource       : HikariPool-10 - Shutdown completed.
]]></system-out>
  </testcase>
  <testcase name="testObtenerSolicitudPorId_Success" classname="com.nuevaeps.api.controller.SolicitudMedicamentoControllerTest" time="0.027">
    <system-out><![CDATA[
  .   ____          _            __ _ _
 /\\ / ___'_ __ _ _(_)_ __  __ _ \ \ \ \
( ( )\___ | '_ | '_| | '_ \/ _` | \ \ \ \
 \\/  ___)| |_)| | | | | || (_| |  ) ) ) )
  '  |____| .__|_| |_|_| |_\__, | / / / /
 =========|_|==============|___/=/_/_/_/
 :: Spring Boot ::                (v3.2.1)

2026-01-28T22:55:34.902-05:00  INFO 11152 --- [           main] n.a.c.SolicitudMedicamentoControllerTest : Starting SolicitudMedicamentoControllerTest using Java 25.0.1 with PID 11152 (started by jeoga in C:\Users\jeoga\Documents\NuevaEPS\nuevaeps-backend)
2026-01-28T22:55:34.903-05:00  INFO 11152 --- [           main] n.a.c.SolicitudMedicamentoControllerTest : No active profile set, falling back to 1 default profile: "default"
2026-01-28T22:55:35.066-05:00  INFO 11152 --- [           main] .s.d.r.c.RepositoryConfigurationDelegate : Bootstrapping Spring Data JPA repositories in DEFAULT mode.
2026-01-28T22:55:35.074-05:00  INFO 11152 --- [           main] .s.d.r.c.RepositoryConfigurationDelegate : Finished Spring Data repository scanning in 6 ms. Found 3 JPA repository interfaces.
2026-01-28T22:55:35.151-05:00  INFO 11152 --- [           main] o.hibernate.jpa.internal.util.LogHelper  : HHH000204: Processing PersistenceUnitInfo [name: default]
2026-01-28T22:55:35.153-05:00  INFO 11152 --- [           main] o.h.c.internal.RegionFactoryInitiator    : HHH000026: Second-level cache disabled
2026-01-28T22:55:35.156-05:00  INFO 11152 --- [           main] o.s.o.j.p.SpringPersistenceUnitInfo      : No LoadTimeWeaver setup: ignoring JPA class transformer
2026-01-28T22:55:35.157-05:00  INFO 11152 --- [           main] com.zaxxer.hikari.HikariDataSource       : HikariPool-11 - Starting...
2026-01-28T22:55:35.160-05:00  INFO 11152 --- [           main] com.zaxxer.hikari.pool.HikariPool        : HikariPool-11 - Added connection conn100: url=jdbc:h2:mem:testdb user=SA
2026-01-28T22:55:35.160-05:00  INFO 11152 --- [           main] com.zaxxer.hikari.HikariDataSource       : HikariPool-11 - Start completed.
2026-01-28T22:55:35.160-05:00  WARN 11152 --- [           main] org.hibernate.orm.deprecation            : HHH90000025: H2Dialect does not need to be specified explicitly using 'hibernate.dialect' (remove the property setting and it will be selected by default)
2026-01-28T22:55:35.189-05:00  INFO 11152 --- [           main] o.h.e.t.j.p.i.JtaPlatformInitiator       : HHH000489: No JTA platform available (set 'hibernate.transaction.jta.platform' to enable JTA platform integration)
2026-01-28T22:55:35.193-05:00  INFO 11152 --- [           main] j.LocalContainerEntityManagerFactoryBean : Initialized JPA EntityManagerFactory for persistence unit 'default'
2026-01-28T22:55:35.394-05:00  WARN 11152 --- [           main] JpaBaseConfiguration$JpaWebConfiguration : spring.jpa.open-in-view is enabled by default. Therefore, database queries may be performed during view rendering. Explicitly configure spring.jpa.open-in-view to disable this warning
2026-01-28T22:55:35.921-05:00  INFO 11152 --- [           main] o.s.b.a.e.web.EndpointLinksResolver      : Exposing 1 endpoint(s) beneath base path '/actuator'
2026-01-28T22:55:35.945-05:00  INFO 11152 --- [           main] o.s.s.web.DefaultSecurityFilterChain     : Will secure any request with [org.springframework.security.web.session.DisableEncodeUrlFilter@39f93e1c, org.springframework.security.web.context.request.async.WebAsyncManagerIntegrationFilter@7acf757f, org.springframework.security.web.context.SecurityContextHolderFilter@4df86f94, org.springframework.security.web.header.HeaderWriterFilter@4e92cf86, org.springframework.web.filter.CorsFilter@25de0bc5, org.springframework.security.web.authentication.logout.LogoutFilter@7f23f026, com.nuevaeps.api.security.AuthTokenFilter@2d26708a, org.springframework.security.web.savedrequest.RequestCacheAwareFilter@65069b50, org.springframework.security.web.servletapi.SecurityContextHolderAwareRequestFilter@4059557d, org.springframework.security.web.authentication.AnonymousAuthenticationFilter@474f1ed9, org.springframework.security.web.session.SessionManagementFilter@4b1fc0a4, org.springframework.security.web.access.ExceptionTranslationFilter@1c896d2c, org.springframework.security.web.access.intercept.AuthorizationFilter@15348285]
2026-01-28T22:55:36.155-05:00  INFO 11152 --- [           main] o.s.b.t.m.w.SpringBootMockServletContext : Initializing Spring TestDispatcherServlet ''
2026-01-28T22:55:36.155-05:00  INFO 11152 --- [           main] o.s.t.web.servlet.TestDispatcherServlet  : Initializing Servlet ''
2026-01-28T22:55:36.157-05:00  INFO 11152 --- [           main] o.s.t.web.servlet.TestDispatcherServlet  : Completed initialization in 2 ms
2026-01-28T22:55:36.174-05:00  INFO 11152 --- [           main] n.a.c.SolicitudMedicamentoControllerTest : Started SolicitudMedicamentoControllerTest in 1.289 seconds (process running for 29.47)
2026-01-28T22:55:36.201-05:00  INFO 11152 --- [           main] j.LocalContainerEntityManagerFactoryBean : Closing JPA EntityManagerFactory for persistence unit 'default'
2026-01-28T22:55:36.203-05:00  INFO 11152 --- [           main] com.zaxxer.hikari.HikariDataSource       : HikariPool-11 - Shutdown initiated...
2026-01-28T22:55:36.203-05:00  INFO 11152 --- [           main] com.zaxxer.hikari.HikariDataSource       : HikariPool-11 - Shutdown completed.
]]></system-out>
  </testcase>
  <testcase name="testObtenerTodasLasSolicitudes_SinAutenticacion" classname="com.nuevaeps.api.controller.SolicitudMedicamentoControllerTest" time="0.007">
    <system-out><![CDATA[
  .   ____          _            __ _ _
 /\\ / ___'_ __ _ _(_)_ __  __ _ \ \ \ \
( ( )\___ | '_ | '_| | '_ \/ _` | \ \ \ \
 \\/  ___)| |_)| | | | | || (_| |  ) ) ) )
  '  |____| .__|_| |_|_| |_\__, | / / / /
 =========|_|==============|___/=/_/_/_/
 :: Spring Boot ::                (v3.2.1)

2026-01-28T22:55:36.225-05:00  INFO 11152 --- [           main] n.a.c.SolicitudMedicamentoControllerTest : Starting SolicitudMedicamentoControllerTest using Java 25.0.1 with PID 11152 (started by jeoga in C:\Users\jeoga\Documents\NuevaEPS\nuevaeps-backend)
2026-01-28T22:55:36.225-05:00  INFO 11152 --- [           main] n.a.c.SolicitudMedicamentoControllerTest : No active profile set, falling back to 1 default profile: "default"
2026-01-28T22:55:36.378-05:00  INFO 11152 --- [           main] .s.d.r.c.RepositoryConfigurationDelegate : Bootstrapping Spring Data JPA repositories in DEFAULT mode.
2026-01-28T22:55:36.387-05:00  INFO 11152 --- [           main] .s.d.r.c.RepositoryConfigurationDelegate : Finished Spring Data repository scanning in 9 ms. Found 3 JPA repository interfaces.
2026-01-28T22:55:36.482-05:00  INFO 11152 --- [           main] o.hibernate.jpa.internal.util.LogHelper  : HHH000204: Processing PersistenceUnitInfo [name: default]
2026-01-28T22:55:36.484-05:00  INFO 11152 --- [           main] o.h.c.internal.RegionFactoryInitiator    : HHH000026: Second-level cache disabled
2026-01-28T22:55:36.487-05:00  INFO 11152 --- [           main] o.s.o.j.p.SpringPersistenceUnitInfo      : No LoadTimeWeaver setup: ignoring JPA class transformer
2026-01-28T22:55:36.488-05:00  INFO 11152 --- [           main] com.zaxxer.hikari.HikariDataSource       : HikariPool-12 - Starting...
2026-01-28T22:55:36.489-05:00  INFO 11152 --- [           main] com.zaxxer.hikari.pool.HikariPool        : HikariPool-12 - Added connection conn110: url=jdbc:h2:mem:testdb user=SA
2026-01-28T22:55:36.489-05:00  INFO 11152 --- [           main] com.zaxxer.hikari.HikariDataSource       : HikariPool-12 - Start completed.
2026-01-28T22:55:36.489-05:00  WARN 11152 --- [           main] org.hibernate.orm.deprecation            : HHH90000025: H2Dialect does not need to be specified explicitly using 'hibernate.dialect' (remove the property setting and it will be selected by default)
2026-01-28T22:55:36.519-05:00  INFO 11152 --- [           main] o.h.e.t.j.p.i.JtaPlatformInitiator       : HHH000489: No JTA platform available (set 'hibernate.transaction.jta.platform' to enable JTA platform integration)
2026-01-28T22:55:36.523-05:00  INFO 11152 --- [           main] j.LocalContainerEntityManagerFactoryBean : Initialized JPA EntityManagerFactory for persistence unit 'default'
2026-01-28T22:55:36.688-05:00  WARN 11152 --- [           main] JpaBaseConfiguration$JpaWebConfiguration : spring.jpa.open-in-view is enabled by default. Therefore, database queries may be performed during view rendering. Explicitly configure spring.jpa.open-in-view to disable this warning
2026-01-28T22:55:37.093-05:00  INFO 11152 --- [           main] o.s.b.a.e.web.EndpointLinksResolver      : Exposing 1 endpoint(s) beneath base path '/actuator'
2026-01-28T22:55:37.119-05:00  INFO 11152 --- [           main] o.s.s.web.DefaultSecurityFilterChain     : Will secure any request with [org.springframework.security.web.session.DisableEncodeUrlFilter@3a8baf0d, org.springframework.security.web.context.request.async.WebAsyncManagerIntegrationFilter@61766f77, org.springframework.security.web.context.SecurityContextHolderFilter@67ba1123, org.springframework.security.web.header.HeaderWriterFilter@28f7be33, org.springframework.web.filter.CorsFilter@1f02667e, org.springframework.security.web.authentication.logout.LogoutFilter@b4a6ee4, com.nuevaeps.api.security.AuthTokenFilter@2bb7a2cb, org.springframework.security.web.savedrequest.RequestCacheAwareFilter@32e7f5e9, org.springframework.security.web.servletapi.SecurityContextHolderAwareRequestFilter@76e29136, org.springframework.security.web.authentication.AnonymousAuthenticationFilter@7f33171d, org.springframework.security.web.session.SessionManagementFilter@405e6e62, org.springframework.security.web.access.ExceptionTranslationFilter@49298ae3, org.springframework.security.web.access.intercept.AuthorizationFilter@362e6a0c]
2026-01-28T22:55:37.315-05:00  INFO 11152 --- [           main] o.s.b.t.m.w.SpringBootMockServletContext : Initializing Spring TestDispatcherServlet ''
2026-01-28T22:55:37.315-05:00  INFO 11152 --- [           main] o.s.t.web.servlet.TestDispatcherServlet  : Initializing Servlet ''
2026-01-28T22:55:37.316-05:00  INFO 11152 --- [           main] o.s.t.web.servlet.TestDispatcherServlet  : Completed initialization in 1 ms
2026-01-28T22:55:37.328-05:00  INFO 11152 --- [           main] n.a.c.SolicitudMedicamentoControllerTest : Started SolicitudMedicamentoControllerTest in 1.123 seconds (process running for 30.624)
2026-01-28T22:55:37.334-05:00  INFO 11152 --- [           main] j.LocalContainerEntityManagerFactoryBean : Closing JPA EntityManagerFactory for persistence unit 'default'
2026-01-28T22:55:37.335-05:00  INFO 11152 --- [           main] com.zaxxer.hikari.HikariDataSource       : HikariPool-12 - Shutdown initiated...
2026-01-28T22:55:37.336-05:00  INFO 11152 --- [           main] com.zaxxer.hikari.HikariDataSource       : HikariPool-12 - Shutdown completed.
]]></system-out>
  </testcase>
  <testcase name="testObtenerTodasLasSolicitudes_Success" classname="com.nuevaeps.api.controller.SolicitudMedicamentoControllerTest" time="0.016">
    <system-out><![CDATA[
  .   ____          _            __ _ _
 /\\ / ___'_ __ _ _(_)_ __  __ _ \ \ \ \
( ( )\___ | '_ | '_| | '_ \/ _` | \ \ \ \
 \\/  ___)| |_)| | | | | || (_| |  ) ) ) )
  '  |____| .__|_| |_|_| |_\__, | / / / /
 =========|_|==============|___/=/_/_/_/
 :: Spring Boot ::                (v3.2.1)

2026-01-28T22:55:37.352-05:00  INFO 11152 --- [           main] n.a.c.SolicitudMedicamentoControllerTest : Starting SolicitudMedicamentoControllerTest using Java 25.0.1 with PID 11152 (started by jeoga in C:\Users\jeoga\Documents\NuevaEPS\nuevaeps-backend)
2026-01-28T22:55:37.352-05:00  INFO 11152 --- [           main] n.a.c.SolicitudMedicamentoControllerTest : No active profile set, falling back to 1 default profile: "default"
2026-01-28T22:55:37.514-05:00  INFO 11152 --- [           main] .s.d.r.c.RepositoryConfigurationDelegate : Bootstrapping Spring Data JPA repositories in DEFAULT mode.
2026-01-28T22:55:37.522-05:00  INFO 11152 --- [           main] .s.d.r.c.RepositoryConfigurationDelegate : Finished Spring Data repository scanning in 7 ms. Found 3 JPA repository interfaces.
2026-01-28T22:55:37.589-05:00  INFO 11152 --- [           main] o.hibernate.jpa.internal.util.LogHelper  : HHH000204: Processing PersistenceUnitInfo [name: default]
2026-01-28T22:55:37.591-05:00  INFO 11152 --- [           main] o.h.c.internal.RegionFactoryInitiator    : HHH000026: Second-level cache disabled
2026-01-28T22:55:37.594-05:00  INFO 11152 --- [           main] o.s.o.j.p.SpringPersistenceUnitInfo      : No LoadTimeWeaver setup: ignoring JPA class transformer
2026-01-28T22:55:37.595-05:00  INFO 11152 --- [           main] com.zaxxer.hikari.HikariDataSource       : HikariPool-13 - Starting...
2026-01-28T22:55:37.595-05:00  INFO 11152 --- [           main] com.zaxxer.hikari.pool.HikariPool        : HikariPool-13 - Added connection conn120: url=jdbc:h2:mem:testdb user=SA
2026-01-28T22:55:37.595-05:00  INFO 11152 --- [           main] com.zaxxer.hikari.HikariDataSource       : HikariPool-13 - Start completed.
2026-01-28T22:55:37.597-05:00  WARN 11152 --- [           main] org.hibernate.orm.deprecation            : HHH90000025: H2Dialect does not need to be specified explicitly using 'hibernate.dialect' (remove the property setting and it will be selected by default)
2026-01-28T22:55:37.628-05:00  INFO 11152 --- [           main] o.h.e.t.j.p.i.JtaPlatformInitiator       : HHH000489: No JTA platform available (set 'hibernate.transaction.jta.platform' to enable JTA platform integration)
2026-01-28T22:55:37.631-05:00  INFO 11152 --- [           main] j.LocalContainerEntityManagerFactoryBean : Initialized JPA EntityManagerFactory for persistence unit 'default'
2026-01-28T22:55:37.819-05:00  WARN 11152 --- [           main] JpaBaseConfiguration$JpaWebConfiguration : spring.jpa.open-in-view is enabled by default. Therefore, database queries may be performed during view rendering. Explicitly configure spring.jpa.open-in-view to disable this warning
2026-01-28T22:55:38.349-05:00  INFO 11152 --- [           main] o.s.b.a.e.web.EndpointLinksResolver      : Exposing 1 endpoint(s) beneath base path '/actuator'
2026-01-28T22:55:38.377-05:00  INFO 11152 --- [           main] o.s.s.web.DefaultSecurityFilterChain     : Will secure any request with [org.springframework.security.web.session.DisableEncodeUrlFilter@2b2af61d, org.springframework.security.web.context.request.async.WebAsyncManagerIntegrationFilter@14c75e2e, org.springframework.security.web.context.SecurityContextHolderFilter@c316e86, org.springframework.security.web.header.HeaderWriterFilter@6021138f, org.springframework.web.filter.CorsFilter@726b8b0a, org.springframework.security.web.authentication.logout.LogoutFilter@28051713, com.nuevaeps.api.security.AuthTokenFilter@364a65d, org.springframework.security.web.savedrequest.RequestCacheAwareFilter@71b0595f, org.springframework.security.web.servletapi.SecurityContextHolderAwareRequestFilter@de215f9, org.springframework.security.web.authentication.AnonymousAuthenticationFilter@7f6698f4, org.springframework.security.web.session.SessionManagementFilter@49d33379, org.springframework.security.web.access.ExceptionTranslationFilter@7a37b645, org.springframework.security.web.access.intercept.AuthorizationFilter@479b7132]
2026-01-28T22:55:38.627-05:00  INFO 11152 --- [           main] o.s.b.t.m.w.SpringBootMockServletContext : Initializing Spring TestDispatcherServlet ''
2026-01-28T22:55:38.627-05:00  INFO 11152 --- [           main] o.s.t.web.servlet.TestDispatcherServlet  : Initializing Servlet ''
2026-01-28T22:55:38.627-05:00  INFO 11152 --- [           main] o.s.t.web.servlet.TestDispatcherServlet  : Completed initialization in 0 ms
2026-01-28T22:55:38.640-05:00  INFO 11152 --- [           main] n.a.c.SolicitudMedicamentoControllerTest : Started SolicitudMedicamentoControllerTest in 1.301 seconds (process running for 31.936)
2026-01-28T22:55:38.655-05:00  INFO 11152 --- [           main] j.LocalContainerEntityManagerFactoryBean : Closing JPA EntityManagerFactory for persistence unit 'default'
2026-01-28T22:55:38.656-05:00  INFO 11152 --- [           main] com.zaxxer.hikari.HikariDataSource       : HikariPool-13 - Shutdown initiated...
2026-01-28T22:55:38.657-05:00  INFO 11152 --- [           main] com.zaxxer.hikari.HikariDataSource       : HikariPool-13 - Shutdown completed.
]]></system-out>
  </testcase>
  <testcase name="testObtenerSolicitudesPorUsuario_Success" classname="com.nuevaeps.api.controller.SolicitudMedicamentoControllerTest" time="0.02">
    <system-out><![CDATA[
  .   ____          _            __ _ _
 /\\ / ___'_ __ _ _(_)_ __  __ _ \ \ \ \
( ( )\___ | '_ | '_| | '_ \/ _` | \ \ \ \
 \\/  ___)| |_)| | | | | || (_| |  ) ) ) )
  '  |____| .__|_| |_|_| |_\__, | / / / /
 =========|_|==============|___/=/_/_/_/
 :: Spring Boot ::                (v3.2.1)

2026-01-28T22:55:38.673-05:00  INFO 11152 --- [           main] n.a.c.SolicitudMedicamentoControllerTest : Starting SolicitudMedicamentoControllerTest using Java 25.0.1 with PID 11152 (started by jeoga in C:\Users\jeoga\Documents\NuevaEPS\nuevaeps-backend)
2026-01-28T22:55:38.673-05:00  INFO 11152 --- [           main] n.a.c.SolicitudMedicamentoControllerTest : No active profile set, falling back to 1 default profile: "default"
2026-01-28T22:55:38.850-05:00  INFO 11152 --- [           main] .s.d.r.c.RepositoryConfigurationDelegate : Bootstrapping Spring Data JPA repositories in DEFAULT mode.
2026-01-28T22:55:38.858-05:00  INFO 11152 --- [           main] .s.d.r.c.RepositoryConfigurationDelegate : Finished Spring Data repository scanning in 7 ms. Found 3 JPA repository interfaces.
2026-01-28T22:55:38.960-05:00  INFO 11152 --- [           main] o.hibernate.jpa.internal.util.LogHelper  : HHH000204: Processing PersistenceUnitInfo [name: default]
2026-01-28T22:55:38.962-05:00  INFO 11152 --- [           main] o.h.c.internal.RegionFactoryInitiator    : HHH000026: Second-level cache disabled
2026-01-28T22:55:38.966-05:00  INFO 11152 --- [           main] o.s.o.j.p.SpringPersistenceUnitInfo      : No LoadTimeWeaver setup: ignoring JPA class transformer
2026-01-28T22:55:38.966-05:00  INFO 11152 --- [           main] com.zaxxer.hikari.HikariDataSource       : HikariPool-14 - Starting...
2026-01-28T22:55:38.968-05:00  INFO 11152 --- [           main] com.zaxxer.hikari.pool.HikariPool        : HikariPool-14 - Added connection conn130: url=jdbc:h2:mem:testdb user=SA
2026-01-28T22:55:38.968-05:00  INFO 11152 --- [           main] com.zaxxer.hikari.HikariDataSource       : HikariPool-14 - Start completed.
2026-01-28T22:55:38.968-05:00  WARN 11152 --- [           main] org.hibernate.orm.deprecation            : HHH90000025: H2Dialect does not need to be specified explicitly using 'hibernate.dialect' (remove the property setting and it will be selected by default)
2026-01-28T22:55:38.997-05:00  INFO 11152 --- [           main] o.h.e.t.j.p.i.JtaPlatformInitiator       : HHH000489: No JTA platform available (set 'hibernate.transaction.jta.platform' to enable JTA platform integration)
2026-01-28T22:55:39.000-05:00  INFO 11152 --- [           main] j.LocalContainerEntityManagerFactoryBean : Initialized JPA EntityManagerFactory for persistence unit 'default'
2026-01-28T22:55:39.128-05:00  WARN 11152 --- [           main] JpaBaseConfiguration$JpaWebConfiguration : spring.jpa.open-in-view is enabled by default. Therefore, database queries may be performed during view rendering. Explicitly configure spring.jpa.open-in-view to disable this warning
2026-01-28T22:55:39.579-05:00  INFO 11152 --- [           main] o.s.b.a.e.web.EndpointLinksResolver      : Exposing 1 endpoint(s) beneath base path '/actuator'
2026-01-28T22:55:39.603-05:00  INFO 11152 --- [           main] o.s.s.web.DefaultSecurityFilterChain     : Will secure any request with [org.springframework.security.web.session.DisableEncodeUrlFilter@4637b86a, org.springframework.security.web.context.request.async.WebAsyncManagerIntegrationFilter@c7a9929, org.springframework.security.web.context.SecurityContextHolderFilter@4692236, org.springframework.security.web.header.HeaderWriterFilter@70cc56fb, org.springframework.web.filter.CorsFilter@24793240, org.springframework.security.web.authentication.logout.LogoutFilter@6c55e517, com.nuevaeps.api.security.AuthTokenFilter@6a73f254, org.springframework.security.web.savedrequest.RequestCacheAwareFilter@3f950de7, org.springframework.security.web.servletapi.SecurityContextHolderAwareRequestFilter@312dfb4b, org.springframework.security.web.authentication.AnonymousAuthenticationFilter@30aedeb0, org.springframework.security.web.session.SessionManagementFilter@aac596f, org.springframework.security.web.access.ExceptionTranslationFilter@28ac7084, org.springframework.security.web.access.intercept.AuthorizationFilter@70f4bb94]
2026-01-28T22:55:39.895-05:00  INFO 11152 --- [           main] o.s.b.t.m.w.SpringBootMockServletContext : Initializing Spring TestDispatcherServlet ''
2026-01-28T22:55:39.895-05:00  INFO 11152 --- [           main] o.s.t.web.servlet.TestDispatcherServlet  : Initializing Servlet ''
2026-01-28T22:55:39.895-05:00  INFO 11152 --- [           main] o.s.t.web.servlet.TestDispatcherServlet  : Completed initialization in 0 ms
2026-01-28T22:55:39.910-05:00  INFO 11152 --- [           main] n.a.c.SolicitudMedicamentoControllerTest : Started SolicitudMedicamentoControllerTest in 1.25 seconds (process running for 33.206)
2026-01-28T22:55:39.930-05:00  INFO 11152 --- [           main] j.LocalContainerEntityManagerFactoryBean : Closing JPA EntityManagerFactory for persistence unit 'default'
2026-01-28T22:55:39.931-05:00  INFO 11152 --- [           main] com.zaxxer.hikari.HikariDataSource       : HikariPool-14 - Shutdown initiated...
2026-01-28T22:55:39.932-05:00  INFO 11152 --- [           main] com.zaxxer.hikari.HikariDataSource       : HikariPool-14 - Shutdown completed.
]]></system-out>
  </testcase>
</testsuite>