<?xml version="1.0" encoding="UTF-8"?>
<testsuite xmlns:xsi="http://www.w3.org/2001/XMLSchema-instance" xsi:noNamespaceSchemaLocation="https://maven.apache.org/surefire/maven-surefire-plugin/xsd/surefire-test-report-3.0.xsd" version="3.0" name="com.nuevaeps.api.controller.AuthControllerTest" time="17.707" tests="4" errors="0" skipped="0" failures="0">
  <properties>
[...]
</properties>
  <testcase name="testRegisterUsuario_DuplicateUsername" classname="com.nuevaeps.api.controller.AuthControllerTest" time="0.906">
    <system-out><![CDATA[22:03:39.974 [main] INFO org.springframework.test.context.support.AnnotationConfigContextLoaderUtils -- Could not detect default configuration classes for test class [com.nuevaeps.api.controller.AuthControllerTest]: AuthControllerTest does not declare any static, non-private, non-final, nested classes annotated with @Configuration.
22:03:40.236 [main] INFO org.springframework.boot.test.context.SpringBootTestContextBootstrapper -- Found @SpringBootConfiguration com.nuevaeps.api.NuevaepsApiApplication for test class com.nuevaeps.api.controller.AuthControllerTest
22:03:40.427 [main] INFO org.springframework.boot.devtools.restart.RestartApplicationListener -- Restart disabled due to context in which it is running

  .   ____          _            __ _ _
 /\\ / ___'_ __ _ _(_)_ __  __ _ \ \ \ \
( ( )\___ | '_ | '_| | '_ \/ _` | \ \ \ \
 \\/  ___)| |_)| | | | | || (_| |  ) ) ) )
  '  |____| .__|_| |_|_| |_\__, | / / / /
 =========|_|==============|___/=/_/_/_/
 :: Spring Boot ::                (v3.2.1)

2026-01-28T22:03:40.767-05:00  INFO 14816 --- [NuevaEPS API REST - Test] [           main] c.n.api.controller.AuthControllerTest    : Starting AuthControllerTest using Java 25.0.1 with PID 14816 (started by jeoga in C:\Users\jeoga\Documents\NuevaEPS\nuevaeps-backend)
2026-01-28T22:03:40.770-05:00  INFO 14816 --- [NuevaEPS API REST - Test] [           main] c.n.api.controller.AuthControllerTest    : No active profile set, falling back to 1 default profile: "default"
2026-01-28T22:03:42.038-05:00  INFO 14816 --- [NuevaEPS API REST - Test] [           main] .s.d.r.c.RepositoryConfigurationDelegate : Bootstrapping Spring Data JPA repositories in DEFAULT mode.
2026-01-28T22:03:42.096-05:00  INFO 14816 --- [NuevaEPS API REST - Test] [           main] .s.d.r.c.RepositoryConfigurationDelegate : Finished Spring Data repository scanning in 52 ms. Found 3 JPA repository interfaces.
2026-01-28T22:03:43.271-05:00  INFO 14816 --- [NuevaEPS API REST - Test] [           main] o.hibernate.jpa.internal.util.LogHelper  : HHH000204: Processing PersistenceUnitInfo [name: default]
2026-01-28T22:03:43.346-05:00  INFO 14816 --- [NuevaEPS API REST - Test] [           main] org.hibernate.Version                    : HHH000412: Hibernate ORM core version 6.4.1.Final
2026-01-28T22:03:43.385-05:00  INFO 14816 --- [NuevaEPS API REST - Test] [           main] o.h.c.internal.RegionFactoryInitiator    : HHH000026: Second-level cache disabled
2026-01-28T22:03:43.669-05:00  INFO 14816 --- [NuevaEPS API REST - Test] [           main] o.s.o.j.p.SpringPersistenceUnitInfo      : No LoadTimeWeaver setup: ignoring JPA class transformer
2026-01-28T22:03:43.711-05:00  INFO 14816 --- [NuevaEPS API REST - Test] [           main] com.zaxxer.hikari.HikariDataSource       : HikariPool-1 - Starting...
2026-01-28T22:03:44.096-05:00  INFO 14816 --- [NuevaEPS API REST - Test] [           main] com.zaxxer.hikari.pool.HikariPool        : HikariPool-1 - Added connection conn0: url=jdbc:h2:mem:testdb user=SA
2026-01-28T22:03:44.102-05:00  INFO 14816 --- [NuevaEPS API REST - Test] [           main] com.zaxxer.hikari.HikariDataSource       : HikariPool-1 - Start completed.
2026-01-28T22:03:44.181-05:00  WARN 14816 --- [NuevaEPS API REST - Test] [           main] org.hibernate.orm.deprecation            : HHH90000025: H2Dialect does not need to be specified explicitly using 'hibernate.dialect' (remove the property setting and it will be selected by default)
2026-01-28T22:03:45.396-05:00  INFO 14816 --- [NuevaEPS API REST - Test] [           main] o.h.e.t.j.p.i.JtaPlatformInitiator       : HHH000489: No JTA platform available (set 'hibernate.transaction.jta.platform' to enable JTA platform integration)
2026-01-28T22:03:45.450-05:00  INFO 14816 --- [NuevaEPS API REST - Test] [           main] j.LocalContainerEntityManagerFactoryBean : Initialized JPA EntityManagerFactory for persistence unit 'default'
2026-01-28T22:03:46.775-05:00  WARN 14816 --- [NuevaEPS API REST - Test] [           main] JpaBaseConfiguration$JpaWebConfiguration : spring.jpa.open-in-view is enabled by default. Therefore, database queries may be performed during view rendering. Explicitly configure spring.jpa.open-in-view to disable this warning
2026-01-28T22:03:48.848-05:00  INFO 14816 --- [NuevaEPS API REST - Test] [           main] o.s.b.a.e.web.EndpointLinksResolver      : Exposing 1 endpoint(s) beneath base path '/actuator'
2026-01-28T22:03:48.956-05:00  INFO 14816 --- [NuevaEPS API REST - Test] [           main] o.s.s.web.DefaultSecurityFilterChain     : Will secure any request with [org.springframework.security.web.session.DisableEncodeUrlFilter@7c98bac0, org.springframework.security.web.context.request.async.WebAsyncManagerIntegrationFilter@bc85538, org.springframework.security.web.context.SecurityContextHolderFilter@718198db, org.springframework.security.web.header.HeaderWriterFilter@3459ccd9, org.springframework.security.web.authentication.logout.LogoutFilter@16750a5e, com.nuevaeps.api.security.AuthTokenFilter@6e512d7f, org.springframework.security.web.savedrequest.RequestCacheAwareFilter@2c78771b, org.springframework.security.web.servletapi.SecurityContextHolderAwareRequestFilter@761d679f, org.springframework.security.web.authentication.AnonymousAuthenticationFilter@6fc9c0cc, org.springframework.security.web.session.SessionManagementFilter@57d6f569, org.springframework.security.web.access.ExceptionTranslationFilter@2100d881, org.springframework.security.web.access.intercept.AuthorizationFilter@1985f8e3]
2026-01-28T22:03:49.975-05:00  INFO 14816 --- [NuevaEPS API REST - Test] [           main] o.s.b.t.m.w.SpringBootMockServletContext : Initializing Spring TestDispatcherServlet ''
2026-01-28T22:03:49.976-05:00  INFO 14816 --- [NuevaEPS API REST - Test] [           main] o.s.t.web.servlet.TestDispatcherServlet  : Initializing Servlet ''
2026-01-28T22:03:49.977-05:00  INFO 14816 --- [NuevaEPS API REST - Test] [           main] o.s.t.web.servlet.TestDispatcherServlet  : Completed initialization in 1 ms
2026-01-28T22:03:50.073-05:00  INFO 14816 --- [NuevaEPS API REST - Test] [           main] c.n.api.controller.AuthControllerTest    : Started AuthControllerTest in 9.656 seconds (process running for 10.959)
2026-01-28T22:03:51.114-05:00  INFO 14816 --- [NuevaEPS API REST - Test] [           main] j.LocalContainerEntityManagerFactoryBean : Closing JPA EntityManagerFactory for persistence unit 'default'
2026-01-28T22:03:51.121-05:00  INFO 14816 --- [NuevaEPS API REST - Test] [           main] com.zaxxer.hikari.HikariDataSource       : HikariPool-1 - Shutdown initiated...
2026-01-28T22:03:51.124-05:00  INFO 14816 --- [NuevaEPS API REST - Test] [           main] com.zaxxer.hikari.HikariDataSource       : HikariPool-1 - Shutdown completed.
]]></system-out>
    <system-err><![CDATA[WARNING: A Java agent has been loaded dynamically (C:\Users\jeoga\.m2\repository\net\bytebuddy\byte-buddy-agent\1.14.10\byte-buddy-agent-1.14.10.jar)
WARNING: If a serviceability tool is in use, please run with -XX:+EnableDynamicAgentLoading to hide this warning
WARNING: If a serviceability tool is not in use, please run with -Djdk.instrument.traceUsage for more information
WARNING: Dynamic loading of agents will be disallowed by default in a future release
]]></system-err>
  </testcase>
  <testcase name="testLoginUsuario_InvalidCredentials" classname="com.nuevaeps.api.controller.AuthControllerTest" time="0.152">
    <system-out><![CDATA[2026-01-28T22:03:51.133-05:00  INFO 14816 --- [NuevaEPS API REST - Test] [           main] o.s.b.d.r.RestartApplicationListener     : Restart disabled due to context in which it is running

  .   ____          _            __ _ _
 /\\ / ___'_ __ _ _(_)_ __  __ _ \ \ \ \
( ( )\___ | '_ | '_| | '_ \/ _` | \ \ \ \
 \\/  ___)| |_)| | | | | || (_| |  ) ) ) )
  '  |____| .__|_| |_|_| |_\__, | / / / /
 =========|_|==============|___/=/_/_/_/
 :: Spring Boot ::                (v3.2.1)

2026-01-28T22:03:51.162-05:00  INFO 14816 --- [NuevaEPS API REST - Test] [           main] c.n.api.controller.AuthControllerTest    : Starting AuthControllerTest using Java 25.0.1 with PID 14816 (started by jeoga in C:\Users\jeoga\Documents\NuevaEPS\nuevaeps-backend)
2026-01-28T22:03:51.162-05:00  INFO 14816 --- [NuevaEPS API REST - Test] [           main] c.n.api.controller.AuthControllerTest    : No active profile set, falling back to 1 default profile: "default"
2026-01-28T22:03:51.599-05:00  INFO 14816 --- [NuevaEPS API REST - Test] [           main] .s.d.r.c.RepositoryConfigurationDelegate : Bootstrapping Spring Data JPA repositories in DEFAULT mode.
2026-01-28T22:03:51.612-05:00  INFO 14816 --- [NuevaEPS API REST - Test] [           main] .s.d.r.c.RepositoryConfigurationDelegate : Finished Spring Data repository scanning in 13 ms. Found 3 JPA repository interfaces.
2026-01-28T22:03:51.766-05:00  INFO 14816 --- [NuevaEPS API REST - Test] [           main] o.hibernate.jpa.internal.util.LogHelper  : HHH000204: Processing PersistenceUnitInfo [name: default]
2026-01-28T22:03:51.770-05:00  INFO 14816 --- [NuevaEPS API REST - Test] [           main] o.h.c.internal.RegionFactoryInitiator    : HHH000026: Second-level cache disabled
2026-01-28T22:03:51.775-05:00  INFO 14816 --- [NuevaEPS API REST - Test] [           main] o.s.o.j.p.SpringPersistenceUnitInfo      : No LoadTimeWeaver setup: ignoring JPA class transformer
2026-01-28T22:03:51.776-05:00  INFO 14816 --- [NuevaEPS API REST - Test] [           main] com.zaxxer.hikari.HikariDataSource       : HikariPool-2 - Starting...
2026-01-28T22:03:51.779-05:00  INFO 14816 --- [NuevaEPS API REST - Test] [           main] com.zaxxer.hikari.pool.HikariPool        : HikariPool-2 - Added connection conn10: url=jdbc:h2:mem:testdb user=SA
2026-01-28T22:03:51.780-05:00  INFO 14816 --- [NuevaEPS API REST - Test] [           main] com.zaxxer.hikari.HikariDataSource       : HikariPool-2 - Start completed.
2026-01-28T22:03:51.780-05:00  WARN 14816 --- [NuevaEPS API REST - Test] [           main] org.hibernate.orm.deprecation            : HHH90000025: H2Dialect does not need to be specified explicitly using 'hibernate.dialect' (remove the property setting and it will be selected by default)
2026-01-28T22:03:51.907-05:00  INFO 14816 --- [NuevaEPS API REST - Test] [           main] o.h.e.t.j.p.i.JtaPlatformInitiator       : HHH000489: No JTA platform available (set 'hibernate.transaction.jta.platform' to enable JTA platform integration)
2026-01-28T22:03:51.917-05:00  INFO 14816 --- [NuevaEPS API REST - Test] [           main] j.LocalContainerEntityManagerFactoryBean : Initialized JPA EntityManagerFactory for persistence unit 'default'
2026-01-28T22:03:52.185-05:00  WARN 14816 --- [NuevaEPS API REST - Test] [           main] JpaBaseConfiguration$JpaWebConfiguration : spring.jpa.open-in-view is enabled by default. Therefore, database queries may be performed during view rendering. Explicitly configure spring.jpa.open-in-view to disable this warning
2026-01-28T22:03:52.852-05:00  INFO 14816 --- [NuevaEPS API REST - Test] [           main] o.s.b.a.e.web.EndpointLinksResolver      : Exposing 1 endpoint(s) beneath base path '/actuator'
2026-01-28T22:03:52.880-05:00  INFO 14816 --- [NuevaEPS API REST - Test] [           main] o.s.s.web.DefaultSecurityFilterChain     : Will secure any request with [org.springframework.security.web.session.DisableEncodeUrlFilter@55c14260, org.springframework.security.web.context.request.async.WebAsyncManagerIntegrationFilter@256bfbbb, org.springframework.security.web.context.SecurityContextHolderFilter@198453c9, org.springframework.security.web.header.HeaderWriterFilter@7bb5c602, org.springframework.security.web.authentication.logout.LogoutFilter@722b4f64, com.nuevaeps.api.security.AuthTokenFilter@5d3b2d9a, org.springframework.security.web.savedrequest.RequestCacheAwareFilter@19adcb41, org.springframework.security.web.servletapi.SecurityContextHolderAwareRequestFilter@5ada5fd3, org.springframework.security.web.authentication.AnonymousAuthenticationFilter@363502a4, org.springframework.security.web.session.SessionManagementFilter@53bd2b00, org.springframework.security.web.access.ExceptionTranslationFilter@36c6509c, org.springframework.security.web.access.intercept.AuthorizationFilter@22b9ac0f]
2026-01-28T22:03:53.231-05:00  INFO 14816 --- [NuevaEPS API REST - Test] [           main] o.s.b.t.m.w.SpringBootMockServletContext : Initializing Spring TestDispatcherServlet ''
2026-01-28T22:03:53.232-05:00  INFO 14816 --- [NuevaEPS API REST - Test] [           main] o.s.t.web.servlet.TestDispatcherServlet  : Initializing Servlet ''
2026-01-28T22:03:53.232-05:00  INFO 14816 --- [NuevaEPS API REST - Test] [           main] o.s.t.web.servlet.TestDispatcherServlet  : Completed initialization in 0 ms
2026-01-28T22:03:53.254-05:00  INFO 14816 --- [NuevaEPS API REST - Test] [           main] c.n.api.controller.AuthControllerTest    : Started AuthControllerTest in 2.121 seconds (process running for 14.14)
2026-01-28T22:03:53.407-05:00  INFO 14816 --- [NuevaEPS API REST - Test] [           main] j.LocalContainerEntityManagerFactoryBean : Closing JPA EntityManagerFactory for persistence unit 'default'
2026-01-28T22:03:53.409-05:00  INFO 14816 --- [NuevaEPS API REST - Test] [           main] com.zaxxer.hikari.HikariDataSource       : HikariPool-2 - Shutdown initiated...
2026-01-28T22:03:53.410-05:00  INFO 14816 --- [NuevaEPS API REST - Test] [           main] com.zaxxer.hikari.HikariDataSource       : HikariPool-2 - Shutdown completed.
]]></system-out>
  </testcase>
  <testcase name="testLoginUsuario_Success" classname="com.nuevaeps.api.controller.AuthControllerTest" time="0.272">
    <system-out><![CDATA[2026-01-28T22:03:53.413-05:00  INFO 14816 --- [NuevaEPS API REST - Test] [           main] o.s.b.d.r.RestartApplicationListener     : Restart disabled due to context in which it is running

  .   ____          _            __ _ _
 /\\ / ___'_ __ _ _(_)_ __  __ _ \ \ \ \
( ( )\___ | '_ | '_| | '_ \/ _` | \ \ \ \
 \\/  ___)| |_)| | | | | || (_| |  ) ) ) )
  '  |____| .__|_| |_|_| |_\__, | / / / /
 =========|_|==============|___/=/_/_/_/
 :: Spring Boot ::                (v3.2.1)

2026-01-28T22:03:53.436-05:00  INFO 14816 --- [NuevaEPS API REST - Test] [           main] c.n.api.controller.AuthControllerTest    : Starting AuthControllerTest using Java 25.0.1 with PID 14816 (started by jeoga in C:\Users\jeoga\Documents\NuevaEPS\nuevaeps-backend)
2026-01-28T22:03:53.436-05:00  INFO 14816 --- [NuevaEPS API REST - Test] [           main] c.n.api.controller.AuthControllerTest    : No active profile set, falling back to 1 default profile: "default"
2026-01-28T22:03:53.785-05:00  INFO 14816 --- [NuevaEPS API REST - Test] [           main] .s.d.r.c.RepositoryConfigurationDelegate : Bootstrapping Spring Data JPA repositories in DEFAULT mode.
2026-01-28T22:03:53.794-05:00  INFO 14816 --- [NuevaEPS API REST - Test] [           main] .s.d.r.c.RepositoryConfigurationDelegate : Finished Spring Data repository scanning in 8 ms. Found 3 JPA repository interfaces.
2026-01-28T22:03:53.945-05:00  INFO 14816 --- [NuevaEPS API REST - Test] [           main] o.hibernate.jpa.internal.util.LogHelper  : HHH000204: Processing PersistenceUnitInfo [name: default]
2026-01-28T22:03:53.948-05:00  INFO 14816 --- [NuevaEPS API REST - Test] [           main] o.h.c.internal.RegionFactoryInitiator    : HHH000026: Second-level cache disabled
2026-01-28T22:03:53.954-05:00  INFO 14816 --- [NuevaEPS API REST - Test] [           main] o.s.o.j.p.SpringPersistenceUnitInfo      : No LoadTimeWeaver setup: ignoring JPA class transformer
2026-01-28T22:03:53.956-05:00  INFO 14816 --- [NuevaEPS API REST - Test] [           main] com.zaxxer.hikari.HikariDataSource       : HikariPool-3 - Starting...
2026-01-28T22:03:53.958-05:00  INFO 14816 --- [NuevaEPS API REST - Test] [           main] com.zaxxer.hikari.pool.HikariPool        : HikariPool-3 - Added connection conn20: url=jdbc:h2:mem:testdb user=SA
2026-01-28T22:03:53.958-05:00  INFO 14816 --- [NuevaEPS API REST - Test] [           main] com.zaxxer.hikari.HikariDataSource       : HikariPool-3 - Start completed.
2026-01-28T22:03:53.958-05:00  WARN 14816 --- [NuevaEPS API REST - Test] [           main] org.hibernate.orm.deprecation            : HHH90000025: H2Dialect does not need to be specified explicitly using 'hibernate.dialect' (remove the property setting and it will be selected by default)
2026-01-28T22:03:54.014-05:00  INFO 14816 --- [NuevaEPS API REST - Test] [           main] o.h.e.t.j.p.i.JtaPlatformInitiator       : HHH000489: No JTA platform available (set 'hibernate.transaction.jta.platform' to enable JTA platform integration)
2026-01-28T22:03:54.020-05:00  INFO 14816 --- [NuevaEPS API REST - Test] [           main] j.LocalContainerEntityManagerFactoryBean : Initialized JPA EntityManagerFactory for persistence unit 'default'
2026-01-28T22:03:54.222-05:00  WARN 14816 --- [NuevaEPS API REST - Test] [           main] JpaBaseConfiguration$JpaWebConfiguration : spring.jpa.open-in-view is enabled by default. Therefore, database queries may be performed during view rendering. Explicitly configure spring.jpa.open-in-view to disable this warning
2026-01-28T22:03:54.885-05:00  INFO 14816 --- [NuevaEPS API REST - Test] [           main] o.s.b.a.e.web.EndpointLinksResolver      : Exposing 1 endpoint(s) beneath base path '/actuator'
2026-01-28T22:03:54.932-05:00  INFO 14816 --- [NuevaEPS API REST - Test] [           main] o.s.s.web.DefaultSecurityFilterChain     : Will secure any request with [org.springframework.security.web.session.DisableEncodeUrlFilter@26156929, org.springframework.security.web.context.request.async.WebAsyncManagerIntegrationFilter@3291cfad, org.springframework.security.web.context.SecurityContextHolderFilter@5910ca72, org.springframework.security.web.header.HeaderWriterFilter@268fca0a, org.springframework.security.web.authentication.logout.LogoutFilter@3a66fb8f, com.nuevaeps.api.security.AuthTokenFilter@447dd61f, org.springframework.security.web.savedrequest.RequestCacheAwareFilter@f9a82ac, org.springframework.security.web.servletapi.SecurityContextHolderAwareRequestFilter@5e0bf895, org.springframework.security.web.authentication.AnonymousAuthenticationFilter@756974d8, org.springframework.security.web.session.SessionManagementFilter@44d8e130, org.springframework.security.web.access.ExceptionTranslationFilter@7c47ae7d, org.springframework.security.web.access.intercept.AuthorizationFilter@41dabe47]
2026-01-28T22:03:55.193-05:00  INFO 14816 --- [NuevaEPS API REST - Test] [           main] o.s.b.t.m.w.SpringBootMockServletContext : Initializing Spring TestDispatcherServlet ''
2026-01-28T22:03:55.193-05:00  INFO 14816 --- [NuevaEPS API REST - Test] [           main] o.s.t.web.servlet.TestDispatcherServlet  : Initializing Servlet ''
2026-01-28T22:03:55.194-05:00  INFO 14816 --- [NuevaEPS API REST - Test] [           main] o.s.t.web.servlet.TestDispatcherServlet  : Completed initialization in 1 ms
2026-01-28T22:03:55.213-05:00  INFO 14816 --- [NuevaEPS API REST - Test] [           main] c.n.api.controller.AuthControllerTest    : Started AuthControllerTest in 1.8 seconds (process running for 16.099)
2026-01-28T22:03:55.484-05:00  INFO 14816 --- [NuevaEPS API REST - Test] [           main] j.LocalContainerEntityManagerFactoryBean : Closing JPA EntityManagerFactory for persistence unit 'default'
2026-01-28T22:03:55.487-05:00  INFO 14816 --- [NuevaEPS API REST - Test] [           main] com.zaxxer.hikari.HikariDataSource       : HikariPool-3 - Shutdown initiated...
2026-01-28T22:03:55.488-05:00  INFO 14816 --- [NuevaEPS API REST - Test] [           main] com.zaxxer.hikari.HikariDataSource       : HikariPool-3 - Shutdown completed.
]]></system-out>
  </testcase>
  <testcase name="testRegisterUsuario_Success" classname="com.nuevaeps.api.controller.AuthControllerTest" time="0.094">
    <system-out><![CDATA[2026-01-28T22:03:55.491-05:00  INFO 14816 --- [NuevaEPS API REST - Test] [           main] o.s.b.d.r.RestartApplicationListener     : Restart disabled due to context in which it is running

  .   ____          _            __ _ _
 /\\ / ___'_ __ _ _(_)_ __  __ _ \ \ \ \
( ( )\___ | '_ | '_| | '_ \/ _` | \ \ \ \
 \\/  ___)| |_)| | | | | || (_| |  ) ) ) )
  '  |____| .__|_| |_|_| |_\__, | / / / /
 =========|_|==============|___/=/_/_/_/
 :: Spring Boot ::                (v3.2.1)

2026-01-28T22:03:55.511-05:00  INFO 14816 --- [NuevaEPS API REST - Test] [           main] c.n.api.controller.AuthControllerTest    : Starting AuthControllerTest using Java 25.0.1 with PID 14816 (started by jeoga in C:\Users\jeoga\Documents\NuevaEPS\nuevaeps-backend)
2026-01-28T22:03:55.511-05:00  INFO 14816 --- [NuevaEPS API REST - Test] [           main] c.n.api.controller.AuthControllerTest    : No active profile set, falling back to 1 default profile: "default"
2026-01-28T22:03:55.741-05:00  INFO 14816 --- [NuevaEPS API REST - Test] [           main] .s.d.r.c.RepositoryConfigurationDelegate : Bootstrapping Spring Data JPA repositories in DEFAULT mode.
2026-01-28T22:03:55.751-05:00  INFO 14816 --- [NuevaEPS API REST - Test] [           main] .s.d.r.c.RepositoryConfigurationDelegate : Finished Spring Data repository scanning in 8 ms. Found 3 JPA repository interfaces.
2026-01-28T22:03:55.926-05:00  INFO 14816 --- [NuevaEPS API REST - Test] [           main] o.hibernate.jpa.internal.util.LogHelper  : HHH000204: Processing PersistenceUnitInfo [name: default]
2026-01-28T22:03:55.930-05:00  INFO 14816 --- [NuevaEPS API REST - Test] [           main] o.h.c.internal.RegionFactoryInitiator    : HHH000026: Second-level cache disabled
2026-01-28T22:03:55.938-05:00  INFO 14816 --- [NuevaEPS API REST - Test] [           main] o.s.o.j.p.SpringPersistenceUnitInfo      : No LoadTimeWeaver setup: ignoring JPA class transformer
2026-01-28T22:03:55.939-05:00  INFO 14816 --- [NuevaEPS API REST - Test] [           main] com.zaxxer.hikari.HikariDataSource       : HikariPool-4 - Starting...
2026-01-28T22:03:55.942-05:00  INFO 14816 --- [NuevaEPS API REST - Test] [           main] com.zaxxer.hikari.pool.HikariPool        : HikariPool-4 - Added connection conn30: url=jdbc:h2:mem:testdb user=SA
2026-01-28T22:03:55.943-05:00  INFO 14816 --- [NuevaEPS API REST - Test] [           main] com.zaxxer.hikari.HikariDataSource       : HikariPool-4 - Start completed.
2026-01-28T22:03:55.944-05:00  WARN 14816 --- [NuevaEPS API REST - Test] [           main] org.hibernate.orm.deprecation            : HHH90000025: H2Dialect does not need to be specified explicitly using 'hibernate.dialect' (remove the property setting and it will be selected by default)
2026-01-28T22:03:56.029-05:00  INFO 14816 --- [NuevaEPS API REST - Test] [           main] o.h.e.t.j.p.i.JtaPlatformInitiator       : HHH000489: No JTA platform available (set 'hibernate.transaction.jta.platform' to enable JTA platform integration)
2026-01-28T22:03:56.036-05:00  INFO 14816 --- [NuevaEPS API REST - Test] [           main] j.LocalContainerEntityManagerFactoryBean : Initialized JPA EntityManagerFactory for persistence unit 'default'
2026-01-28T22:03:56.376-05:00  WARN 14816 --- [NuevaEPS API REST - Test] [           main] JpaBaseConfiguration$JpaWebConfiguration : spring.jpa.open-in-view is enabled by default. Therefore, database queries may be performed during view rendering. Explicitly configure spring.jpa.open-in-view to disable this warning
2026-01-28T22:03:57.008-05:00  INFO 14816 --- [NuevaEPS API REST - Test] [           main] o.s.b.a.e.web.EndpointLinksResolver      : Exposing 1 endpoint(s) beneath base path '/actuator'
2026-01-28T22:03:57.040-05:00  INFO 14816 --- [NuevaEPS API REST - Test] [           main] o.s.s.web.DefaultSecurityFilterChain     : Will secure any request with [org.springframework.security.web.session.DisableEncodeUrlFilter@58b7b0d7, org.springframework.security.web.context.request.async.WebAsyncManagerIntegrationFilter@15ede14e, org.springframework.security.web.context.SecurityContextHolderFilter@79a9a3a2, org.springframework.security.web.header.HeaderWriterFilter@67d0fc1f, org.springframework.security.web.authentication.logout.LogoutFilter@20797dcc, com.nuevaeps.api.security.AuthTokenFilter@577457ad, org.springframework.security.web.savedrequest.RequestCacheAwareFilter@3155bf8c, org.springframework.security.web.servletapi.SecurityContextHolderAwareRequestFilter@60160088, org.springframework.security.web.authentication.AnonymousAuthenticationFilter@226ab7b1, org.springframework.security.web.session.SessionManagementFilter@21ebf946, org.springframework.security.web.access.ExceptionTranslationFilter@1b9a0347, org.springframework.security.web.access.intercept.AuthorizationFilter@790d1534]
2026-01-28T22:03:57.331-05:00  INFO 14816 --- [NuevaEPS API REST - Test] [           main] o.s.b.t.m.w.SpringBootMockServletContext : Initializing Spring TestDispatcherServlet ''
2026-01-28T22:03:57.331-05:00  INFO 14816 --- [NuevaEPS API REST - Test] [           main] o.s.t.web.servlet.TestDispatcherServlet  : Initializing Servlet ''
2026-01-28T22:03:57.332-05:00  INFO 14816 --- [NuevaEPS API REST - Test] [           main] o.s.t.web.servlet.TestDispatcherServlet  : Completed initialization in 1 ms
2026-01-28T22:03:57.349-05:00  INFO 14816 --- [NuevaEPS API REST - Test] [           main] c.n.api.controller.AuthControllerTest    : Started AuthControllerTest in 1.858 seconds (process running for 18.235)
2026-01-28T22:03:57.439-05:00  INFO 14816 --- [NuevaEPS API REST - Test] [           main] j.LocalContainerEntityManagerFactoryBean : Closing JPA EntityManagerFactory for persistence unit 'default'
2026-01-28T22:03:57.442-05:00  INFO 14816 --- [NuevaEPS API REST - Test] [           main] com.zaxxer.hikari.HikariDataSource       : HikariPool-4 - Shutdown initiated...
2026-01-28T22:03:57.443-05:00  INFO 14816 --- [NuevaEPS API REST - Test] [           main] com.zaxxer.hikari.HikariDataSource       : HikariPool-4 - Shutdown completed.
]]></system-out>
  </testcase>
</testsuite>